[2025-04-27 19:40:34] [INFO] [app] Application started
[2025-04-27 19:40:34] [INFO] [test_google_places] ================================================================================
[2025-04-27 19:40:34] [INFO] [test_google_places] TESTING GOOGLE PLACES API INTEGRATION
[2025-04-27 19:40:34] [INFO] [test_google_places] ================================================================================
[2025-04-27 19:40:34] [INFO] [test_google_places] Using Google Maps API key: AIzaS...nv80
[2025-04-27 19:40:34] [INFO] [test_google_places] Testing with location: Eiffel Tower
[2025-04-27 19:40:34] [INFO] [test_google_places] Category: landmark
[2025-04-27 19:40:34] [INFO] [test_google_places] Search vicinity: Paris
[2025-04-27 19:40:34] [INFO] [test_google_places] Destination country: France
[2025-04-27 19:40:34] [INFO] [test_google_places] Calling Activity.get_or_create()...
[2025-04-27 19:40:34] [INFO] [app.database.models] Activity.get_or_create called for: Eiffel Tower
[2025-04-27 19:40:34] [INFO] [app.database.models] Category: landmark
[2025-04-27 19:40:34] [INFO] [app.database.models] With search_vicinity: Paris
[2025-04-27 19:40:34] [INFO] [app.database.models] With destination_country: France
[2025-04-27 19:40:34] [INFO] [app.database.models] Making Google Places API call for: Eiffel Tower
[2025-04-27 19:40:34] [INFO] [app.services.google_places_service] Searching Google Places API for: Eiffel Tower
[2025-04-27 19:40:34] [INFO] [app.services.google_places_service] Category: landmark
[2025-04-27 19:40:34] [INFO] [app.services.google_places_service] Search vicinity: Paris
[2025-04-27 19:40:34] [INFO] [app.services.google_places_service] Destination country: France
[2025-04-27 19:40:34] [INFO] [app.services.google_places_service] Making FindPlace API request for: Eiffel Tower
[2025-04-27 19:40:35] [INFO] [app.services.google_places_service] FindPlace API response status: REQUEST_DENIED
[2025-04-27 19:40:35] [WARNING] [app.services.google_places_service] FindPlace API returned non-OK status: REQUEST_DENIED
[2025-04-27 19:40:35] [WARNING] [app.services.google_places_service] Error message: This API project is not authorized to use this API.
[2025-04-27 19:40:35] [INFO] [app.services.google_places_service] No exact match found, trying text search with: Eiffel Tower landmark Paris
[2025-04-27 19:40:35] [INFO] [app.services.google_places_service] Making TextSearch API request for query: Eiffel Tower landmark Paris
[2025-04-27 19:40:35] [INFO] [app.services.google_places_service] TextSearch API response status: REQUEST_DENIED
[2025-04-27 19:40:35] [WARNING] [app.services.google_places_service] TextSearch API returned non-OK status: REQUEST_DENIED
[2025-04-27 19:40:35] [WARNING] [app.services.google_places_service] Error message: This API project is not authorized to use this API.
[2025-04-27 19:40:35] [INFO] [app.database.models] No Google Places match found for: Eiffel Tower
[2025-04-27 19:40:35] [INFO] [app.database.models] Falling back to name matching for: Eiffel Tower
[2025-04-27 19:40:35] [INFO] [app.database.models] No existing activity found with name: Eiffel Tower
[2025-04-27 19:40:35] [INFO] [app.database.models] Creating new activity for: Eiffel Tower
[2025-04-27 19:40:35] [INFO] [app.database.models] Created new activity: Eiffel Tower (ID: 27)
[2025-04-27 19:40:35] [INFO] [test_google_places] Activity created/found with ID: 27
[2025-04-27 19:40:35] [ERROR] [test_google_places] Google Place ID was not populated!
[2025-04-27 19:40:35] [ERROR] [test_google_places] Google Places API integration failed.
[2025-04-28 06:34:32] [INFO] [app] Application started
[2025-04-28 06:34:32] [INFO] [werkzeug] [31m[1mWARNING: This is a development server. Do not use it in a production deployment. Use a production WSGI server instead.[0m
 * Running on http://127.0.0.1:5000
[2025-04-28 06:34:32] [INFO] [werkzeug] [33mPress CTRL+C to quit[0m
[2025-04-28 06:34:32] [INFO] [werkzeug]  * Restarting with stat
[2025-04-28 06:34:33] [INFO] [app] Application started
[2025-04-28 06:34:33] [WARNING] [werkzeug]  * Debugger is active!
[2025-04-28 06:34:33] [INFO] [werkzeug]  * Debugger PIN: 547-989-235
[2025-04-28 06:37:11] [INFO] [app] Application started
[2025-04-28 06:37:11] [INFO] [test_google_places] ================================================================================
[2025-04-28 06:37:11] [INFO] [test_google_places] TESTING GOOGLE PLACES API INTEGRATION
[2025-04-28 06:37:11] [INFO] [test_google_places] ================================================================================
[2025-04-28 06:37:11] [INFO] [test_google_places] Using Google Maps API key: AIzaS...nv80
[2025-04-28 06:37:11] [INFO] [test_google_places] Testing with location: Eiffel Tower
[2025-04-28 06:37:11] [INFO] [test_google_places] Category: landmark
[2025-04-28 06:37:11] [INFO] [test_google_places] Search vicinity: Paris
[2025-04-28 06:37:11] [INFO] [test_google_places] Destination country: France
[2025-04-28 06:37:11] [INFO] [test_google_places] Calling Activity.get_or_create()...
[2025-04-28 06:37:11] [INFO] [app.database.models] Activity.get_or_create called for: Eiffel Tower
[2025-04-28 06:37:11] [INFO] [app.database.models] Category: landmark
[2025-04-28 06:37:11] [INFO] [app.database.models] With search_vicinity: Paris
[2025-04-28 06:37:11] [INFO] [app.database.models] With destination_country: France
[2025-04-28 06:37:11] [INFO] [app.database.models] Making Google Places API call for: Eiffel Tower
[2025-04-28 06:37:11] [INFO] [app.services.google_places_service] Searching Google Places API for: Eiffel Tower
[2025-04-28 06:37:11] [INFO] [app.services.google_places_service] Category: landmark
[2025-04-28 06:37:11] [INFO] [app.services.google_places_service] Search vicinity: Paris
[2025-04-28 06:37:11] [INFO] [app.services.google_places_service] Destination country: France
[2025-04-28 06:37:11] [INFO] [app.services.google_places_service] Making FindPlace API request for: Eiffel Tower
[2025-04-28 06:37:11] [INFO] [app.services.google_places_service] FindPlace API response status: OK
[2025-04-28 06:37:11] [INFO] [app.services.google_places_service] Found place_id for Eiffel Tower: ChIJLU7jZClu5kcR4PcOOO6p3I0
[2025-04-28 06:37:11] [INFO] [app.services.google_places_service] Making PlaceDetails API request for place_id: ChIJLU7jZClu5kcR4PcOOO6p3I0
[2025-04-28 06:37:12] [INFO] [app.services.google_places_service] PlaceDetails API response status: OK
[2025-04-28 06:37:12] [INFO] [app.services.google_places_service] Successfully retrieved details for place: Eiffel Tower
[2025-04-28 06:37:12] [INFO] [app.database.models] Google Places API returned data for place: Eiffel Tower
[2025-04-28 06:37:12] [INFO] [app.database.models] Found place_id from Google: ChIJLU7jZClu5kcR4PcOOO6p3I0
[2025-04-28 06:37:12] [INFO] [app.database.models] Creating new activity for: Eiffel Tower
[2025-04-28 06:37:12] [INFO] [app.database.models] Adding Google Places data to new activity
[2025-04-28 06:37:12] [INFO] [app.database.models] Found city from Google: Paris
[2025-04-28 06:37:12] [INFO] [app.database.models] Found country from Google: France
[2025-04-28 06:37:12] [INFO] [app.database.models] Created new activity: Eiffel Tower (ID: 28)
[2025-04-28 06:37:12] [INFO] [test_google_places] Activity created/found with ID: 28
[2025-04-28 06:37:12] [INFO] [test_google_places] Google Place ID: ChIJLU7jZClu5kcR4PcOOO6p3I0
[2025-04-28 06:37:12] [INFO] [test_google_places] ========================================
[2025-04-28 06:37:12] [INFO] [test_google_places] ACTIVITY DATA
[2025-04-28 06:37:12] [INFO] [test_google_places] ========================================
[2025-04-28 06:37:12] [INFO] [test_google_places] Name: Eiffel Tower
[2025-04-28 06:37:12] [INFO] [test_google_places] Category: landmark
[2025-04-28 06:37:12] [INFO] [test_google_places] Address: Av. Gustave Eiffel, 75007 Paris, France
[2025-04-28 06:37:12] [INFO] [test_google_places] City: Paris
[2025-04-28 06:37:12] [INFO] [test_google_places] Country: France
[2025-04-28 06:37:12] [INFO] [test_google_places] Latitude: 48.85837009999999
[2025-04-28 06:37:12] [INFO] [test_google_places] Longitude: 2.2944813
[2025-04-28 06:37:12] [INFO] [test_google_places] Website URL: https://www.toureiffel.paris/fr
[2025-04-28 06:37:12] [INFO] [test_google_places] Google Place ID: ChIJLU7jZClu5kcR4PcOOO6p3I0
[2025-04-28 06:37:12] [INFO] [test_google_places] ========================================
[2025-04-28 06:37:12] [INFO] [test_google_places] GOOGLE PLACES DATA
[2025-04-28 06:37:12] [INFO] [test_google_places] ========================================
[2025-04-28 06:37:12] [INFO] [test_google_places] name: Eiffel Tower
[2025-04-28 06:37:12] [INFO] [test_google_places] place_id: ChIJLU7jZClu5kcR4PcOOO6p3I0
[2025-04-28 06:37:12] [INFO] [test_google_places] formatted_address: Av. Gustave Eiffel, 75007 Paris, France
[2025-04-28 06:37:12] [INFO] [test_google_places] types: ['tourist_attraction', 'point_of_interest', 'establishment']
[2025-04-28 06:37:12] [INFO] [test_google_places] geometry.location: lat=48.85837009999999, lng=2.2944813
[2025-04-28 06:37:12] [INFO] [test_google_places] ================================================================================
[2025-04-28 06:37:12] [INFO] [test_google_places] TEST PASSED! Google Places API integration is working correctly.
[2025-04-28 06:39:37] [INFO] [werkzeug]  * Detected change in '/Users/ezl/code/recs/test_google_places.py', reloading
[2025-04-28 06:39:37] [INFO] [werkzeug]  * Restarting with stat
[2025-04-28 06:39:38] [INFO] [app] Application started
[2025-04-28 06:39:38] [WARNING] [werkzeug]  * Debugger is active!
[2025-04-28 06:39:38] [INFO] [werkzeug]  * Debugger PIN: 547-989-235
[2025-04-28 06:39:54] [INFO] [werkzeug]  * Detected change in '/Users/ezl/code/recs/test_google_places.py', reloading
[2025-04-28 06:39:54] [INFO] [werkzeug]  * Restarting with stat
[2025-04-28 06:39:55] [INFO] [app] Application started
[2025-04-28 06:39:55] [WARNING] [werkzeug]  * Debugger is active!
[2025-04-28 06:39:55] [INFO] [werkzeug]  * Debugger PIN: 547-989-235
[2025-04-28 06:40:24] [INFO] [werkzeug]  * Detected change in '/Users/ezl/code/recs/app/__init__.py', reloading
[2025-04-28 06:40:24] [INFO] [werkzeug]  * Restarting with stat
[2025-04-28 06:40:24] [INFO] [app] Application started
[2025-04-28 06:40:24] [WARNING] [werkzeug]  * Debugger is active!
[2025-04-28 06:40:24] [INFO] [werkzeug]  * Debugger PIN: 547-989-235
[2025-04-28 06:41:33] [INFO] [werkzeug]  * Detected change in '/Users/ezl/code/recs/test_google_places.py', reloading
[2025-04-28 06:41:33] [INFO] [werkzeug]  * Restarting with stat
[2025-04-28 06:41:33] [INFO] [app] Application started
[2025-04-28 06:41:34] [WARNING] [werkzeug]  * Debugger is active!
[2025-04-28 06:41:34] [INFO] [werkzeug]  * Debugger PIN: 547-989-235
[2025-04-28 06:41:39] [INFO] [app] Application started
[2025-04-28 06:41:39] [INFO] [test_google_places] ================================================================================
[2025-04-28 06:41:39] [INFO] [test_google_places] TESTING GOOGLE PLACES API INTEGRATION
[2025-04-28 06:41:39] [INFO] [test_google_places] ================================================================================
[2025-04-28 06:41:39] [INFO] [test_google_places] Using Google Maps API key: AIzaS...nv80
[2025-04-28 06:41:55] [INFO] [werkzeug]  * Detected change in '/Users/ezl/code/recs/test_google_places.py', reloading
[2025-04-28 06:41:55] [INFO] [werkzeug]  * Restarting with stat
[2025-04-28 06:41:55] [INFO] [app] Application started
[2025-04-28 06:41:56] [WARNING] [werkzeug]  * Debugger is active!
[2025-04-28 06:41:56] [INFO] [werkzeug]  * Debugger PIN: 547-989-235
[2025-04-28 06:42:00] [INFO] [app] Application started
[2025-04-28 06:42:00] [INFO] [test_google_places] ================================================================================
[2025-04-28 06:42:00] [INFO] [test_google_places] TESTING GOOGLE PLACES API INTEGRATION
[2025-04-28 06:42:00] [INFO] [test_google_places] ================================================================================
[2025-04-28 06:42:00] [INFO] [test_google_places] Using Google Maps API key: AIzaS...nv80
[2025-04-28 06:42:00] [INFO] [test_google_places] Calling GooglePlacesService.search_place()...
[2025-04-28 06:42:16] [INFO] [werkzeug]  * Detected change in '/Users/ezl/code/recs/test_google_places.py', reloading
[2025-04-28 06:42:16] [INFO] [werkzeug]  * Restarting with stat
[2025-04-28 06:42:16] [INFO] [app] Application started
[2025-04-28 06:42:17] [WARNING] [werkzeug]  * Debugger is active!
[2025-04-28 06:42:17] [INFO] [werkzeug]  * Debugger PIN: 547-989-235
[2025-04-28 06:42:22] [INFO] [app] Application started
[2025-04-28 06:42:22] [INFO] [test_google_places] ================================================================================
[2025-04-28 06:42:22] [INFO] [test_google_places] TESTING GOOGLE PLACES API INTEGRATION
[2025-04-28 06:42:22] [INFO] [test_google_places] ================================================================================
[2025-04-28 06:42:22] [INFO] [test_google_places] Using Google Maps API key: AIzaS...nv80
[2025-04-28 06:42:22] [INFO] [test_google_places] Calling GooglePlacesService.find_place()...
[2025-04-28 06:42:22] [INFO] [app.services.google_places_service] Searching Google Places API for: Eiffel Tower
[2025-04-28 06:42:22] [INFO] [app.services.google_places_service] Search vicinity: Paris
[2025-04-28 06:42:22] [INFO] [app.services.google_places_service] Destination country: France
[2025-04-28 06:42:22] [INFO] [app.services.google_places_service] Making FindPlace API request for: Eiffel Tower
[2025-04-28 06:42:23] [INFO] [app.services.google_places_service] FindPlace API response status: OK
[2025-04-28 06:42:23] [INFO] [app.services.google_places_service] Found place_id for Eiffel Tower: ChIJLU7jZClu5kcR4PcOOO6p3I0
[2025-04-28 06:42:23] [INFO] [app.services.google_places_service] Making PlaceDetails API request for place_id: ChIJLU7jZClu5kcR4PcOOO6p3I0
[2025-04-28 06:42:23] [INFO] [app.services.google_places_service] PlaceDetails API response status: OK
[2025-04-28 06:42:23] [INFO] [app.services.google_places_service] Successfully retrieved details for place: Eiffel Tower
[2025-04-28 06:42:23] [INFO] [test_google_places] 
=== Full Google Places API Response ===
[2025-04-28 06:42:23] [INFO] [test_google_places] {
  "address_components": [
    {
      "long_name": "Avenue Gustave Eiffel",
      "short_name": "Av. Gustave Eiffel",
      "types": [
        "route"
      ]
    },
    {
      "long_name": "Paris",
      "short_name": "Paris",
      "types": [
        "locality",
        "political"
      ]
    },
    {
      "long_name": "Paris",
      "short_name": "Paris",
      "types": [
        "administrative_area_level_2",
        "political"
      ]
    },
    {
      "long_name": "\u00cele-de-France",
      "short_name": "IDF",
      "types": [
        "administrative_area_level_1",
        "political"
      ]
    },
    {
      "long_name": "France",
      "short_name": "FR",
      "types": [
        "country",
        "political"
      ]
    },
    {
      "long_name": "75007",
      "short_name": "75007",
      "types": [
        "postal_code"
      ]
    }
  ],
  "formatted_address": "Av. Gustave Eiffel, 75007 Paris, France",
  "geometry": {
    "location": {
      "lat": 48.85837009999999,
      "lng": 2.2944813
    },
    "viewport": {
      "northeast": {
        "lat": 48.8599253,
        "lng": 2.297770400000001
      },
      "southwest": {
        "lat": 48.8561421,
        "lng": 2.2919472
      }
    }
  },
  "name": "Eiffel Tower",
  "place_id": "ChIJLU7jZClu5kcR4PcOOO6p3I0",
  "types": [
    "tourist_attraction",
    "point_of_interest",
    "establishment"
  ],
  "website": "https://www.toureiffel.paris/fr"
}
[2025-04-28 06:42:23] [INFO] [test_google_places] 
=== End of Response ===

[2025-04-28 06:42:23] [INFO] [test_google_places] ✅ Found Eiffel Tower!
[2025-04-28 06:42:23] [INFO] [test_google_places] Place ID: ChIJLU7jZClu5kcR4PcOOO6p3I0
[2025-04-28 06:42:23] [INFO] [test_google_places] Address: Av. Gustave Eiffel, 75007 Paris, France
[2025-04-28 06:42:23] [INFO] [test_google_places] Types: ['tourist_attraction', 'point_of_interest', 'establishment']
[2025-04-28 06:42:23] [INFO] [test_google_places] 
✅ Activity created with Google Places data
[2025-04-28 06:42:23] [INFO] [test_google_places] Activity ID: 27
[2025-04-28 06:42:23] [INFO] [test_google_places] Google Place ID: ChIJLU7jZClu5kcR4PcOOO6p3I0
[2025-04-28 06:42:23] [INFO] [test_google_places] 
✅ Test completed successfully
[2025-04-28 06:46:45] [INFO] [werkzeug]  * Detected change in '/Users/ezl/code/recs/test_google_places.py', reloading
[2025-04-28 06:46:45] [INFO] [werkzeug]  * Restarting with stat
[2025-04-28 06:46:45] [INFO] [app] Application started
[2025-04-28 06:46:46] [WARNING] [werkzeug]  * Debugger is active!
[2025-04-28 06:46:46] [INFO] [werkzeug]  * Debugger PIN: 547-989-235
[2025-04-28 06:46:48] [INFO] [app] Application started
[2025-04-28 06:46:48] [INFO] [test_google_places] ================================================================================
[2025-04-28 06:46:48] [INFO] [test_google_places] TESTING GOOGLE PLACES API INTEGRATION (use_real_api=True)
[2025-04-28 06:46:48] [INFO] [test_google_places] ================================================================================
[2025-04-28 06:46:48] [INFO] [test_google_places] Using real Google Places API with key: AIzaS...nv80
[2025-04-28 06:46:48] [INFO] [test_google_places] Calling real GooglePlacesService.find_place()...
[2025-04-28 06:46:48] [INFO] [app.services.google_places_service] Searching Google Places API for: Eiffel Tower
[2025-04-28 06:46:48] [INFO] [app.services.google_places_service] Search vicinity: Paris
[2025-04-28 06:46:48] [INFO] [app.services.google_places_service] Destination country: France
[2025-04-28 06:46:48] [INFO] [app.services.google_places_service] Making FindPlace API request for: Eiffel Tower
[2025-04-28 06:46:48] [INFO] [app.services.google_places_service] FindPlace API response status: OK
[2025-04-28 06:46:48] [INFO] [app.services.google_places_service] Found place_id for Eiffel Tower: ChIJLU7jZClu5kcR4PcOOO6p3I0
[2025-04-28 06:46:48] [INFO] [app.services.google_places_service] Making PlaceDetails API request for place_id: ChIJLU7jZClu5kcR4PcOOO6p3I0
[2025-04-28 06:46:49] [INFO] [app.services.google_places_service] PlaceDetails API response status: OK
[2025-04-28 06:46:49] [INFO] [app.services.google_places_service] Successfully retrieved details for place: Eiffel Tower
[2025-04-28 06:46:49] [INFO] [test_google_places] 
=== Full Google Places API Response ===
[2025-04-28 06:46:49] [INFO] [test_google_places] {
  "address_components": [
    {
      "long_name": "Avenue Gustave Eiffel",
      "short_name": "Av. Gustave Eiffel",
      "types": [
        "route"
      ]
    },
    {
      "long_name": "Paris",
      "short_name": "Paris",
      "types": [
        "locality",
        "political"
      ]
    },
    {
      "long_name": "Paris",
      "short_name": "Paris",
      "types": [
        "administrative_area_level_2",
        "political"
      ]
    },
    {
      "long_name": "\u00cele-de-France",
      "short_name": "IDF",
      "types": [
        "administrative_area_level_1",
        "political"
      ]
    },
    {
      "long_name": "France",
      "short_name": "FR",
      "types": [
        "country",
        "political"
      ]
    },
    {
      "long_name": "75007",
      "short_name": "75007",
      "types": [
        "postal_code"
      ]
    }
  ],
  "formatted_address": "Av. Gustave Eiffel, 75007 Paris, France",
  "geometry": {
    "location": {
      "lat": 48.85837009999999,
      "lng": 2.2944813
    },
    "viewport": {
      "northeast": {
        "lat": 48.8599253,
        "lng": 2.297770400000001
      },
      "southwest": {
        "lat": 48.8561421,
        "lng": 2.2919472
      }
    }
  },
  "name": "Eiffel Tower",
  "place_id": "ChIJLU7jZClu5kcR4PcOOO6p3I0",
  "types": [
    "tourist_attraction",
    "point_of_interest",
    "establishment"
  ],
  "website": "https://www.toureiffel.paris/fr"
}
[2025-04-28 06:46:49] [INFO] [test_google_places] 
=== End of Response ===

[2025-04-28 06:46:49] [INFO] [test_google_places] Saved mock data to /Users/ezl/code/recs/mock_data/eiffel_tower_response.json
[2025-04-28 06:46:49] [INFO] [test_google_places] ✅ Found Eiffel Tower!
[2025-04-28 06:46:49] [INFO] [test_google_places] Place ID: ChIJLU7jZClu5kcR4PcOOO6p3I0
[2025-04-28 06:46:49] [INFO] [test_google_places] Address: Av. Gustave Eiffel, 75007 Paris, France
[2025-04-28 06:46:49] [INFO] [test_google_places] Types: ['tourist_attraction', 'point_of_interest', 'establishment']
[2025-04-28 06:46:49] [INFO] [test_google_places] 
✅ Activity created with Google Places data
[2025-04-28 06:46:49] [INFO] [test_google_places] Activity ID: 27
[2025-04-28 06:46:49] [INFO] [test_google_places] Google Place ID: ChIJLU7jZClu5kcR4PcOOO6p3I0
[2025-04-28 06:46:49] [INFO] [test_google_places] 
✅ Test completed successfully
[2025-04-28 06:46:51] [INFO] [app] Application started
[2025-04-28 06:46:51] [INFO] [test_google_places] ================================================================================
[2025-04-28 06:46:51] [INFO] [test_google_places] TESTING GOOGLE PLACES API INTEGRATION (use_real_api=False)
[2025-04-28 06:46:51] [INFO] [test_google_places] ================================================================================
[2025-04-28 06:46:51] [INFO] [test_google_places] Using mock Google Places API data
[2025-04-28 06:46:51] [INFO] [test_google_places] Calling mock GooglePlacesService.find_place()...
[2025-04-28 06:46:51] [INFO] [test_google_places] 
=== Full Google Places API Response ===
[2025-04-28 06:46:51] [INFO] [test_google_places] {
  "address_components": [
    {
      "long_name": "Avenue Gustave Eiffel",
      "short_name": "Av. Gustave Eiffel",
      "types": [
        "route"
      ]
    },
    {
      "long_name": "Paris",
      "short_name": "Paris",
      "types": [
        "locality",
        "political"
      ]
    },
    {
      "long_name": "Paris",
      "short_name": "Paris",
      "types": [
        "administrative_area_level_2",
        "political"
      ]
    },
    {
      "long_name": "\u00cele-de-France",
      "short_name": "IDF",
      "types": [
        "administrative_area_level_1",
        "political"
      ]
    },
    {
      "long_name": "France",
      "short_name": "FR",
      "types": [
        "country",
        "political"
      ]
    },
    {
      "long_name": "75007",
      "short_name": "75007",
      "types": [
        "postal_code"
      ]
    }
  ],
  "formatted_address": "Av. Gustave Eiffel, 75007 Paris, France",
  "geometry": {
    "location": {
      "lat": 48.85837009999999,
      "lng": 2.2944813
    },
    "viewport": {
      "northeast": {
        "lat": 48.8599253,
        "lng": 2.297770400000001
      },
      "southwest": {
        "lat": 48.8561421,
        "lng": 2.2919472
      }
    }
  },
  "name": "Eiffel Tower",
  "place_id": "ChIJLU7jZClu5kcR4PcOOO6p3I0",
  "types": [
    "tourist_attraction",
    "point_of_interest",
    "establishment"
  ],
  "website": "https://www.toureiffel.paris/fr"
}
[2025-04-28 06:46:51] [INFO] [test_google_places] 
=== End of Response ===

[2025-04-28 06:46:51] [INFO] [test_google_places] ✅ Found Eiffel Tower!
[2025-04-28 06:46:51] [INFO] [test_google_places] Place ID: ChIJLU7jZClu5kcR4PcOOO6p3I0
[2025-04-28 06:46:51] [INFO] [test_google_places] Address: Av. Gustave Eiffel, 75007 Paris, France
[2025-04-28 06:46:51] [INFO] [test_google_places] Types: ['tourist_attraction', 'point_of_interest', 'establishment']
[2025-04-28 06:46:51] [INFO] [test_google_places] 
✅ Activity created with Google Places data
[2025-04-28 06:46:51] [INFO] [test_google_places] Activity ID: 27
[2025-04-28 06:46:51] [INFO] [test_google_places] Google Place ID: ChIJLU7jZClu5kcR4PcOOO6p3I0
[2025-04-28 06:46:51] [INFO] [test_google_places] 
✅ Test completed successfully
[2025-04-28 06:48:36] [INFO] [werkzeug]  * Detected change in '/Users/ezl/code/recs/test_tokyo_trip.py', reloading
[2025-04-28 06:48:36] [INFO] [werkzeug]  * Restarting with stat
[2025-04-28 06:48:36] [INFO] [app] Application started
[2025-04-28 06:48:37] [WARNING] [werkzeug]  * Debugger is active!
[2025-04-28 06:48:37] [INFO] [werkzeug]  * Debugger PIN: 547-989-235
[2025-04-28 06:48:56] [INFO] [werkzeug]  * Detected change in '/Users/ezl/code/recs/test_trip.py', reloading
[2025-04-28 06:48:56] [INFO] [werkzeug]  * Restarting with stat
[2025-04-28 06:48:56] [INFO] [app] Application started
[2025-04-28 06:48:57] [WARNING] [werkzeug]  * Debugger is active!
[2025-04-28 06:48:57] [INFO] [werkzeug]  * Debugger PIN: 547-989-235
[2025-04-28 06:49:01] [INFO] [app] Application started
[2025-04-28 06:49:01] [INFO] [test_trip] Connecting to database...
[2025-04-28 06:49:01] [INFO] [test_trip] Created test user: test@example.com
[2025-04-28 06:49:01] [INFO] [test_trip] Created test trip to Paris with slug: paris-apr-2025
[2025-04-28 06:49:01] [INFO] [app.database.models] Activity.get_or_create called for: Eiffel Tower
[2025-04-28 06:49:01] [INFO] [app.database.models] Category: landmark
[2025-04-28 06:49:01] [INFO] [app.database.models] With search_vicinity: Paris
[2025-04-28 06:49:01] [INFO] [app.database.models] With destination_country: France
[2025-04-28 06:49:01] [INFO] [app.database.models] Making Google Places API call for: Eiffel Tower
[2025-04-28 06:49:01] [INFO] [app.services.google_places_service] Searching Google Places API for: Eiffel Tower
[2025-04-28 06:49:01] [INFO] [app.services.google_places_service] Category: landmark
[2025-04-28 06:49:01] [INFO] [app.services.google_places_service] Search vicinity: Paris
[2025-04-28 06:49:01] [INFO] [app.services.google_places_service] Destination country: France
[2025-04-28 06:49:01] [INFO] [app.services.google_places_service] Making FindPlace API request for: Eiffel Tower
[2025-04-28 06:49:02] [INFO] [app.services.google_places_service] FindPlace API response status: OK
[2025-04-28 06:49:02] [INFO] [app.services.google_places_service] Found place_id for Eiffel Tower: ChIJLU7jZClu5kcR4PcOOO6p3I0
[2025-04-28 06:49:02] [INFO] [app.services.google_places_service] Making PlaceDetails API request for place_id: ChIJLU7jZClu5kcR4PcOOO6p3I0
[2025-04-28 06:49:02] [INFO] [app.services.google_places_service] PlaceDetails API response status: OK
[2025-04-28 06:49:02] [INFO] [app.services.google_places_service] Successfully retrieved details for place: Eiffel Tower
[2025-04-28 06:49:02] [INFO] [app.database.models] Google Places API returned data for place: Eiffel Tower
[2025-04-28 06:49:02] [INFO] [app.database.models] Found place_id from Google: ChIJLU7jZClu5kcR4PcOOO6p3I0
[2025-04-28 06:49:02] [INFO] [app.database.models] Creating new activity for: Eiffel Tower
[2025-04-28 06:49:02] [INFO] [app.database.models] Adding Google Places data to new activity
[2025-04-28 06:49:02] [INFO] [app.database.models] Found city from Google: Paris
[2025-04-28 06:49:02] [INFO] [app.database.models] Found country from Google: France
[2025-04-28 06:49:02] [INFO] [app.database.models] Created new activity: Eiffel Tower (ID: 27)
[2025-04-28 06:49:02] [INFO] [test_trip] Created recommendation for Eiffel Tower
[2025-04-28 06:49:02] [INFO] [test_trip] 
Verification:
[2025-04-28 06:49:02] [INFO] [test_trip] - Users: 20
[2025-04-28 06:49:02] [INFO] [test_trip] - Trips: 10
[2025-04-28 06:49:02] [INFO] [test_trip] - Activities: 27
[2025-04-28 06:49:02] [INFO] [test_trip] - Recommendations: 34
[2025-04-28 06:49:02] [INFO] [test_trip] 
Test successful!
[2025-04-28 06:49:04] [INFO] [app] Application started
[2025-04-28 06:49:04] [INFO] [test_trip] Connecting to database...
[2025-04-28 06:49:16] [INFO] [werkzeug]  * Detected change in '/Users/ezl/code/recs/test_trip.py', reloading
[2025-04-28 06:49:16] [INFO] [werkzeug]  * Restarting with stat
[2025-04-28 06:49:16] [INFO] [app] Application started
[2025-04-28 06:49:17] [WARNING] [werkzeug]  * Debugger is active!
[2025-04-28 06:49:17] [INFO] [werkzeug]  * Debugger PIN: 547-989-235
[2025-04-28 06:49:20] [INFO] [app] Application started
[2025-04-28 06:49:20] [INFO] [test_trip] Connecting to database...
[2025-04-28 06:49:20] [INFO] [test_trip] Cleaned up 1 existing test trips
[2025-04-28 06:49:20] [INFO] [test_trip] Created test trip to Paris with slug: paris-apr-2025
[2025-04-28 06:49:42] [INFO] [werkzeug]  * Detected change in '/Users/ezl/code/recs/test_trip.py', reloading
[2025-04-28 06:49:42] [INFO] [werkzeug]  * Restarting with stat
[2025-04-28 06:49:43] [INFO] [app] Application started
[2025-04-28 06:49:43] [WARNING] [werkzeug]  * Debugger is active!
[2025-04-28 06:49:43] [INFO] [werkzeug]  * Debugger PIN: 547-989-235
[2025-04-28 06:49:49] [INFO] [app] Application started
[2025-04-28 06:49:49] [INFO] [test_trip] Connecting to database...
[2025-04-28 06:49:49] [INFO] [test_trip] Cleaned up 1 existing test trips
[2025-04-28 06:49:49] [INFO] [test_trip] Cleaned up existing test activities
[2025-04-28 06:49:49] [INFO] [test_trip] Created test trip to Paris with slug: paris-apr-2025
[2025-04-28 06:49:49] [INFO] [test_trip] Created recommendation for Eiffel Tower
[2025-04-28 06:49:49] [INFO] [test_trip] 
Verification:
[2025-04-28 06:49:49] [INFO] [test_trip] - Users: 20
[2025-04-28 06:49:49] [INFO] [test_trip] - Trips: 10
[2025-04-28 06:49:49] [INFO] [test_trip] - Activities: 27
[2025-04-28 06:49:49] [INFO] [test_trip] - Recommendations: 34
[2025-04-28 06:49:49] [INFO] [test_trip] 
Test successful!
[2025-04-28 06:51:25] [INFO] [app] Application started
[2025-04-28 06:51:25] [INFO] [test_trip] Connecting to database...
[2025-04-28 06:51:26] [INFO] [test_trip] Cleaned up 1 existing test trips
[2025-04-28 06:51:26] [INFO] [test_trip] Cleaned up existing test activities
[2025-04-28 06:51:26] [INFO] [test_trip] Created test trip to Paris with slug: paris-apr-2025
[2025-04-28 06:51:26] [INFO] [test_trip] Created recommendation for Eiffel Tower
[2025-04-28 06:51:26] [INFO] [test_trip] 
Verification:
[2025-04-28 06:51:26] [INFO] [test_trip] - Users: 20
[2025-04-28 06:51:26] [INFO] [test_trip] - Trips: 10
[2025-04-28 06:51:26] [INFO] [test_trip] - Activities: 27
[2025-04-28 06:51:26] [INFO] [test_trip] - Recommendations: 34
[2025-04-28 06:51:26] [INFO] [test_trip] 
Test successful!
[2025-04-28 06:51:26] [INFO] [app] Application started
[2025-04-28 06:51:26] [INFO] [test_tokyo_trip] Creating Tokyo trip with recommendations...
[2025-04-28 06:51:26] [INFO] [test_tokyo_trip] Cleared existing recommendations
[2025-04-28 06:51:26] [ERROR] [test_tokyo_trip] Mock data file not found: /Users/ezl/code/recs/mock_data/asakusa_response.json
[2025-04-28 06:51:26] [ERROR] [test_tokyo_trip] Failed to load mock data for Asakusa
[2025-04-28 06:51:26] [ERROR] [test_tokyo_trip] Mock data file not found: /Users/ezl/code/recs/mock_data/asakusa_response.json
[2025-04-28 06:51:26] [ERROR] [test_tokyo_trip] Failed to load mock data for Asakusa
[2025-04-28 06:51:26] [ERROR] [test_tokyo_trip] Mock data file not found: /Users/ezl/code/recs/mock_data/teamlab_planets_response.json
[2025-04-28 06:51:26] [ERROR] [test_tokyo_trip] Failed to load mock data for TeamLab Planets
[2025-04-28 06:51:26] [ERROR] [test_tokyo_trip] Mock data file not found: /Users/ezl/code/recs/mock_data/teamlab_planets_response.json
[2025-04-28 06:51:26] [ERROR] [test_tokyo_trip] Failed to load mock data for TeamLab Planets
[2025-04-28 06:51:26] [ERROR] [test_tokyo_trip] Mock data file not found: /Users/ezl/code/recs/mock_data/ramen_street_response.json
[2025-04-28 06:51:26] [ERROR] [test_tokyo_trip] Failed to load mock data for Ramen Street
[2025-04-28 06:51:26] [ERROR] [test_tokyo_trip] Mock data file not found: /Users/ezl/code/recs/mock_data/ramen_street_(tokyo_station)_response.json
[2025-04-28 06:51:26] [ERROR] [test_tokyo_trip] Failed to load mock data for Ramen Street (Tokyo Station)
[2025-04-28 06:51:26] [ERROR] [test_tokyo_trip] Mock data file not found: /Users/ezl/code/recs/mock_data/shibuya_scramble_crossing_response.json
[2025-04-28 06:51:26] [ERROR] [test_tokyo_trip] Failed to load mock data for Shibuya Scramble Crossing
[2025-04-28 06:51:26] [ERROR] [test_tokyo_trip] Mock data file not found: /Users/ezl/code/recs/mock_data/tsukiji_market_response.json
[2025-04-28 06:51:26] [ERROR] [test_tokyo_trip] Failed to load mock data for Tsukiji Market
[2025-04-28 06:51:26] [ERROR] [test_tokyo_trip] Mock data file not found: /Users/ezl/code/recs/mock_data/nakameguro_response.json
[2025-04-28 06:51:26] [ERROR] [test_tokyo_trip] Failed to load mock data for Nakameguro
[2025-04-28 06:51:26] [ERROR] [test_tokyo_trip] Mock data file not found: /Users/ezl/code/recs/mock_data/nakameguro_response.json
[2025-04-28 06:51:26] [ERROR] [test_tokyo_trip] Failed to load mock data for Nakameguro
[2025-04-28 06:51:26] [INFO] [test_tokyo_trip] Added 10 recommendations
[2025-04-28 06:51:26] [INFO] [test_tokyo_trip] 
Trip Details:
[2025-04-28 06:51:26] [INFO] [test_tokyo_trip] Trip: Tokyo
[2025-04-28 06:51:26] [INFO] [test_tokyo_trip] Slug: tokyo-apr-2025
[2025-04-28 06:51:26] [INFO] [test_tokyo_trip] Recommendations count: 0
[2025-04-28 06:51:26] [INFO] [test_tokyo_trip] 
Grouped Recommendations:
[2025-04-28 06:51:26] [INFO] [test_tokyo_trip] --------------------------------------------------------------------------------
[2025-04-28 06:51:37] [INFO] [app] Application started
[2025-04-28 06:51:37] [INFO] [test_tokyo_trip] Creating Tokyo trip with recommendations...
[2025-04-28 06:51:37] [INFO] [test_tokyo_trip] Cleared existing recommendations
[2025-04-28 06:51:37] [INFO] [app.database.models] Activity.get_or_create called for: Asakusa
[2025-04-28 06:51:37] [INFO] [app.database.models] Category: Historic district
[2025-04-28 06:51:37] [INFO] [app.database.models] With search_vicinity: Tokyo
[2025-04-28 06:51:37] [INFO] [app.database.models] With destination_country: Japan
[2025-04-28 06:51:37] [INFO] [app.database.models] Making Google Places API call for: Asakusa
[2025-04-28 06:51:37] [INFO] [app.services.google_places_service] Searching Google Places API for: Asakusa
[2025-04-28 06:51:37] [INFO] [app.services.google_places_service] Category: Historic district
[2025-04-28 06:51:37] [INFO] [app.services.google_places_service] Search vicinity: Tokyo
[2025-04-28 06:51:37] [INFO] [app.services.google_places_service] Destination country: Japan
[2025-04-28 06:51:37] [INFO] [app.services.google_places_service] Making FindPlace API request for: Asakusa
[2025-04-28 06:51:38] [INFO] [app.services.google_places_service] FindPlace API response status: OK
[2025-04-28 06:51:38] [INFO] [app.services.google_places_service] Found place_id for Asakusa: ChIJM1N_BMKOGGARZ0DHgTj9hHw
[2025-04-28 06:51:38] [INFO] [app.services.google_places_service] Making PlaceDetails API request for place_id: ChIJM1N_BMKOGGARZ0DHgTj9hHw
[2025-04-28 06:51:38] [INFO] [app.services.google_places_service] PlaceDetails API response status: OK
[2025-04-28 06:51:38] [INFO] [app.services.google_places_service] Successfully retrieved details for place: Asakusa
[2025-04-28 06:51:38] [INFO] [app.database.models] Google Places API returned data for place: Asakusa
[2025-04-28 06:51:38] [INFO] [app.database.models] Found place_id from Google: ChIJM1N_BMKOGGARZ0DHgTj9hHw
[2025-04-28 06:51:38] [INFO] [app.database.models] Creating new activity for: Asakusa
[2025-04-28 06:51:38] [INFO] [app.database.models] Adding Google Places data to new activity
[2025-04-28 06:51:38] [INFO] [app.database.models] Found city from Google: Taito City
[2025-04-28 06:51:38] [INFO] [app.database.models] Found country from Google: Japan
[2025-04-28 06:51:38] [INFO] [app.database.models] Created new activity: Asakusa (ID: 28)
[2025-04-28 06:51:38] [INFO] [test_tokyo_trip] Saved mock data to /Users/ezl/code/recs/mock_data/asakusa_response.json
[2025-04-28 06:51:38] [INFO] [app.database.models] Activity.get_or_create called for: Asakusa
[2025-04-28 06:51:38] [INFO] [app.database.models] Category: Historic area
[2025-04-28 06:51:38] [INFO] [app.database.models] With search_vicinity: Tokyo
[2025-04-28 06:51:38] [INFO] [app.database.models] With destination_country: Japan
[2025-04-28 06:51:38] [INFO] [app.database.models] Making Google Places API call for: Asakusa
[2025-04-28 06:51:38] [INFO] [app.services.google_places_service] Searching Google Places API for: Asakusa
[2025-04-28 06:51:38] [INFO] [app.services.google_places_service] Category: Historic area
[2025-04-28 06:51:38] [INFO] [app.services.google_places_service] Search vicinity: Tokyo
[2025-04-28 06:51:38] [INFO] [app.services.google_places_service] Destination country: Japan
[2025-04-28 06:51:38] [INFO] [app.services.google_places_service] Making FindPlace API request for: Asakusa
[2025-04-28 06:51:39] [INFO] [app.services.google_places_service] FindPlace API response status: OK
[2025-04-28 06:51:39] [INFO] [app.services.google_places_service] Found place_id for Asakusa: ChIJM1N_BMKOGGARZ0DHgTj9hHw
[2025-04-28 06:51:39] [INFO] [app.services.google_places_service] Making PlaceDetails API request for place_id: ChIJM1N_BMKOGGARZ0DHgTj9hHw
[2025-04-28 06:51:39] [INFO] [app.services.google_places_service] PlaceDetails API response status: OK
[2025-04-28 06:51:39] [INFO] [app.services.google_places_service] Successfully retrieved details for place: Asakusa
[2025-04-28 06:51:39] [INFO] [app.database.models] Google Places API returned data for place: Asakusa
[2025-04-28 06:51:39] [INFO] [app.database.models] Found place_id from Google: ChIJM1N_BMKOGGARZ0DHgTj9hHw
[2025-04-28 06:51:39] [INFO] [app.database.models] Found existing activity with this place_id: Asakusa
[2025-04-28 06:51:39] [INFO] [app.database.models] Activity.get_or_create called for: TeamLab Planets
[2025-04-28 06:51:39] [INFO] [app.database.models] Category: Interactive art exhibition
[2025-04-28 06:51:39] [INFO] [app.database.models] With search_vicinity: Tokyo
[2025-04-28 06:51:39] [INFO] [app.database.models] With destination_country: Japan
[2025-04-28 06:51:39] [INFO] [app.database.models] Making Google Places API call for: TeamLab Planets
[2025-04-28 06:51:39] [INFO] [app.services.google_places_service] Searching Google Places API for: TeamLab Planets
[2025-04-28 06:51:39] [INFO] [app.services.google_places_service] Category: Interactive art exhibition
[2025-04-28 06:51:39] [INFO] [app.services.google_places_service] Search vicinity: Tokyo
[2025-04-28 06:51:39] [INFO] [app.services.google_places_service] Destination country: Japan
[2025-04-28 06:51:39] [INFO] [app.services.google_places_service] Making FindPlace API request for: TeamLab Planets
[2025-04-28 06:51:40] [INFO] [app.services.google_places_service] FindPlace API response status: OK
[2025-04-28 06:51:40] [INFO] [app.services.google_places_service] Found place_id for TeamLab Planets: ChIJSeco5wiJGGARItbTS8lQ5G0
[2025-04-28 06:51:40] [INFO] [app.services.google_places_service] Making PlaceDetails API request for place_id: ChIJSeco5wiJGGARItbTS8lQ5G0
[2025-04-28 06:51:40] [INFO] [app.services.google_places_service] PlaceDetails API response status: OK
[2025-04-28 06:51:40] [INFO] [app.services.google_places_service] Successfully retrieved details for place: teamLab Planets TOKYO DMM
[2025-04-28 06:51:40] [INFO] [app.database.models] Google Places API returned data for place: teamLab Planets TOKYO DMM
[2025-04-28 06:51:40] [INFO] [app.database.models] Found place_id from Google: ChIJSeco5wiJGGARItbTS8lQ5G0
[2025-04-28 06:51:40] [INFO] [app.database.models] Creating new activity for: TeamLab Planets
[2025-04-28 06:51:40] [INFO] [app.database.models] Adding Google Places data to new activity
[2025-04-28 06:51:40] [INFO] [app.database.models] Found city from Google: Koto City
[2025-04-28 06:51:40] [INFO] [app.database.models] Found country from Google: Japan
[2025-04-28 06:51:40] [INFO] [app.database.models] Created new activity: TeamLab Planets (ID: 29)
[2025-04-28 06:51:40] [INFO] [test_tokyo_trip] Saved mock data to /Users/ezl/code/recs/mock_data/teamlab_planets_response.json
[2025-04-28 06:51:40] [INFO] [app.database.models] Activity.get_or_create called for: TeamLab Planets
[2025-04-28 06:51:40] [INFO] [app.database.models] Category: Art Museum
[2025-04-28 06:51:40] [INFO] [app.database.models] With search_vicinity: Tokyo
[2025-04-28 06:51:40] [INFO] [app.database.models] With destination_country: Japan
[2025-04-28 06:51:40] [INFO] [app.database.models] Making Google Places API call for: TeamLab Planets
[2025-04-28 06:51:40] [INFO] [app.services.google_places_service] Searching Google Places API for: TeamLab Planets
[2025-04-28 06:51:40] [INFO] [app.services.google_places_service] Category: Art Museum
[2025-04-28 06:51:40] [INFO] [app.services.google_places_service] Search vicinity: Tokyo
[2025-04-28 06:51:40] [INFO] [app.services.google_places_service] Destination country: Japan
[2025-04-28 06:51:40] [INFO] [app.services.google_places_service] Making FindPlace API request for: TeamLab Planets
[2025-04-28 06:51:40] [INFO] [app.services.google_places_service] FindPlace API response status: OK
[2025-04-28 06:51:40] [INFO] [app.services.google_places_service] Found place_id for TeamLab Planets: ChIJSeco5wiJGGARItbTS8lQ5G0
[2025-04-28 06:51:40] [INFO] [app.services.google_places_service] Making PlaceDetails API request for place_id: ChIJSeco5wiJGGARItbTS8lQ5G0
[2025-04-28 06:51:41] [INFO] [app.services.google_places_service] PlaceDetails API response status: OK
[2025-04-28 06:51:41] [INFO] [app.services.google_places_service] Successfully retrieved details for place: teamLab Planets TOKYO DMM
[2025-04-28 06:51:41] [INFO] [app.database.models] Google Places API returned data for place: teamLab Planets TOKYO DMM
[2025-04-28 06:51:41] [INFO] [app.database.models] Found place_id from Google: ChIJSeco5wiJGGARItbTS8lQ5G0
[2025-04-28 06:51:41] [INFO] [app.database.models] Found existing activity with this place_id: TeamLab Planets
[2025-04-28 06:51:41] [INFO] [app.database.models] Activity.get_or_create called for: Ramen Street
[2025-04-28 06:51:41] [INFO] [app.database.models] Category: Restaurant
[2025-04-28 06:51:41] [INFO] [app.database.models] With search_vicinity: Tokyo
[2025-04-28 06:51:41] [INFO] [app.database.models] With destination_country: Japan
[2025-04-28 06:51:41] [INFO] [app.database.models] Making Google Places API call for: Ramen Street
[2025-04-28 06:51:41] [INFO] [app.services.google_places_service] Searching Google Places API for: Ramen Street
[2025-04-28 06:51:41] [INFO] [app.services.google_places_service] Category: Restaurant
[2025-04-28 06:51:41] [INFO] [app.services.google_places_service] Search vicinity: Tokyo
[2025-04-28 06:51:41] [INFO] [app.services.google_places_service] Destination country: Japan
[2025-04-28 06:51:41] [INFO] [app.services.google_places_service] Making FindPlace API request for: Ramen Street
[2025-04-28 06:51:41] [INFO] [app.services.google_places_service] FindPlace API response status: OK
[2025-04-28 06:51:41] [INFO] [app.services.google_places_service] Found place_id for Ramen Street: ChIJA6ITw0fGwoARSgap8a1UAYA
[2025-04-28 06:51:41] [INFO] [app.services.google_places_service] Making PlaceDetails API request for place_id: ChIJA6ITw0fGwoARSgap8a1UAYA
[2025-04-28 06:51:42] [INFO] [app.services.google_places_service] PlaceDetails API response status: OK
[2025-04-28 06:51:42] [INFO] [app.services.google_places_service] Successfully retrieved details for place: Mr. Ramen
[2025-04-28 06:51:42] [INFO] [app.database.models] Google Places API returned data for place: Mr. Ramen
[2025-04-28 06:51:42] [INFO] [app.database.models] Found place_id from Google: ChIJA6ITw0fGwoARSgap8a1UAYA
[2025-04-28 06:51:42] [INFO] [app.database.models] Creating new activity for: Ramen Street
[2025-04-28 06:51:42] [INFO] [app.database.models] Adding Google Places data to new activity
[2025-04-28 06:51:42] [INFO] [app.database.models] Found city from Google: Los Angeles
[2025-04-28 06:51:42] [INFO] [app.database.models] Found country from Google: United States
[2025-04-28 06:51:42] [INFO] [app.database.models] Created new activity: Ramen Street (ID: 30)
[2025-04-28 06:51:42] [INFO] [test_tokyo_trip] Saved mock data to /Users/ezl/code/recs/mock_data/ramen_street_response.json
[2025-04-28 06:51:42] [INFO] [app.database.models] Activity.get_or_create called for: Ramen Street (Tokyo Station)
[2025-04-28 06:51:42] [INFO] [app.database.models] Category: Food
[2025-04-28 06:51:42] [INFO] [app.database.models] With search_vicinity: Tokyo
[2025-04-28 06:51:42] [INFO] [app.database.models] With destination_country: Japan
[2025-04-28 06:51:42] [INFO] [app.database.models] Making Google Places API call for: Ramen Street (Tokyo Station)
[2025-04-28 06:51:42] [INFO] [app.services.google_places_service] Searching Google Places API for: Ramen Street (Tokyo Station)
[2025-04-28 06:51:42] [INFO] [app.services.google_places_service] Category: Food
[2025-04-28 06:51:42] [INFO] [app.services.google_places_service] Search vicinity: Tokyo
[2025-04-28 06:51:42] [INFO] [app.services.google_places_service] Destination country: Japan
[2025-04-28 06:51:42] [INFO] [app.services.google_places_service] Making FindPlace API request for: Ramen Street (Tokyo Station)
[2025-04-28 06:51:43] [INFO] [app.services.google_places_service] FindPlace API response status: OK
[2025-04-28 06:51:43] [INFO] [app.services.google_places_service] Found place_id for Ramen Street (Tokyo Station): ChIJGeYlX_mLGGARwsJahMe-XZg
[2025-04-28 06:51:43] [INFO] [app.services.google_places_service] Making PlaceDetails API request for place_id: ChIJGeYlX_mLGGARwsJahMe-XZg
[2025-04-28 06:51:43] [INFO] [app.services.google_places_service] PlaceDetails API response status: OK
[2025-04-28 06:51:43] [INFO] [app.services.google_places_service] Successfully retrieved details for place: Tokyo Ramen Street
[2025-04-28 06:51:43] [INFO] [app.database.models] Google Places API returned data for place: Tokyo Ramen Street
[2025-04-28 06:51:43] [INFO] [app.database.models] Found place_id from Google: ChIJGeYlX_mLGGARwsJahMe-XZg
[2025-04-28 06:51:43] [INFO] [app.database.models] Creating new activity for: Ramen Street (Tokyo Station)
[2025-04-28 06:51:43] [INFO] [app.database.models] Adding Google Places data to new activity
[2025-04-28 06:51:43] [INFO] [app.database.models] Found city from Google: Chiyoda City
[2025-04-28 06:51:43] [INFO] [app.database.models] Found country from Google: Japan
[2025-04-28 06:51:43] [INFO] [app.database.models] Created new activity: Ramen Street (Tokyo Station) (ID: 31)
[2025-04-28 06:51:43] [INFO] [test_tokyo_trip] Saved mock data to /Users/ezl/code/recs/mock_data/ramen_street_(tokyo_station)_response.json
[2025-04-28 06:51:43] [INFO] [app.database.models] Activity.get_or_create called for: Shibuya Scramble Crossing
[2025-04-28 06:51:43] [INFO] [app.database.models] Category: Famous landmark
[2025-04-28 06:51:43] [INFO] [app.database.models] With search_vicinity: Tokyo
[2025-04-28 06:51:43] [INFO] [app.database.models] With destination_country: Japan
[2025-04-28 06:51:43] [INFO] [app.database.models] Making Google Places API call for: Shibuya Scramble Crossing
[2025-04-28 06:51:43] [INFO] [app.services.google_places_service] Searching Google Places API for: Shibuya Scramble Crossing
[2025-04-28 06:51:43] [INFO] [app.services.google_places_service] Category: Famous landmark
[2025-04-28 06:51:43] [INFO] [app.services.google_places_service] Search vicinity: Tokyo
[2025-04-28 06:51:43] [INFO] [app.services.google_places_service] Destination country: Japan
[2025-04-28 06:51:43] [INFO] [app.services.google_places_service] Making FindPlace API request for: Shibuya Scramble Crossing
[2025-04-28 06:51:44] [INFO] [app.services.google_places_service] FindPlace API response status: OK
[2025-04-28 06:51:44] [INFO] [app.services.google_places_service] Found place_id for Shibuya Scramble Crossing: ChIJK9EM68qLGGARacmu4KJj5SA
[2025-04-28 06:51:44] [INFO] [app.services.google_places_service] Making PlaceDetails API request for place_id: ChIJK9EM68qLGGARacmu4KJj5SA
[2025-04-28 06:51:44] [INFO] [app.services.google_places_service] PlaceDetails API response status: OK
[2025-04-28 06:51:44] [INFO] [app.services.google_places_service] Successfully retrieved details for place: Shibuya Scramble Crossing
[2025-04-28 06:51:44] [INFO] [app.database.models] Google Places API returned data for place: Shibuya Scramble Crossing
[2025-04-28 06:51:44] [INFO] [app.database.models] Found place_id from Google: ChIJK9EM68qLGGARacmu4KJj5SA
[2025-04-28 06:51:44] [INFO] [app.database.models] Creating new activity for: Shibuya Scramble Crossing
[2025-04-28 06:51:44] [INFO] [app.database.models] Adding Google Places data to new activity
[2025-04-28 06:51:44] [INFO] [app.database.models] Found city from Google: Shibuya
[2025-04-28 06:51:44] [INFO] [app.database.models] Found country from Google: Japan
[2025-04-28 06:51:44] [INFO] [app.database.models] Created new activity: Shibuya Scramble Crossing (ID: 32)
[2025-04-28 06:51:44] [INFO] [test_tokyo_trip] Saved mock data to /Users/ezl/code/recs/mock_data/shibuya_scramble_crossing_response.json
[2025-04-28 06:51:44] [INFO] [app.database.models] Activity.get_or_create called for: Tsukiji Market
[2025-04-28 06:51:44] [INFO] [app.database.models] Category: Market
[2025-04-28 06:51:44] [INFO] [app.database.models] With search_vicinity: Tokyo
[2025-04-28 06:51:44] [INFO] [app.database.models] With destination_country: Japan
[2025-04-28 06:51:44] [INFO] [app.database.models] Making Google Places API call for: Tsukiji Market
[2025-04-28 06:51:44] [INFO] [app.services.google_places_service] Searching Google Places API for: Tsukiji Market
[2025-04-28 06:51:44] [INFO] [app.services.google_places_service] Category: Market
[2025-04-28 06:51:44] [INFO] [app.services.google_places_service] Search vicinity: Tokyo
[2025-04-28 06:51:44] [INFO] [app.services.google_places_service] Destination country: Japan
[2025-04-28 06:51:44] [INFO] [app.services.google_places_service] Making FindPlace API request for: Tsukiji Market
[2025-04-28 06:51:45] [INFO] [app.services.google_places_service] FindPlace API response status: OK
[2025-04-28 06:51:45] [INFO] [app.services.google_places_service] Found place_id for Tsukiji Market: ChIJW2cLzSGLGGARXAKXv6EkbqI
[2025-04-28 06:51:45] [INFO] [app.services.google_places_service] Making PlaceDetails API request for place_id: ChIJW2cLzSGLGGARXAKXv6EkbqI
[2025-04-28 06:51:45] [INFO] [app.services.google_places_service] PlaceDetails API response status: OK
[2025-04-28 06:51:45] [INFO] [app.services.google_places_service] Successfully retrieved details for place: Tsukiji Outer Market
[2025-04-28 06:51:45] [INFO] [app.database.models] Google Places API returned data for place: Tsukiji Outer Market
[2025-04-28 06:51:45] [INFO] [app.database.models] Found place_id from Google: ChIJW2cLzSGLGGARXAKXv6EkbqI
[2025-04-28 06:51:45] [INFO] [app.database.models] Creating new activity for: Tsukiji Market
[2025-04-28 06:51:45] [INFO] [app.database.models] Adding Google Places data to new activity
[2025-04-28 06:51:45] [INFO] [app.database.models] Found city from Google: Chuo City
[2025-04-28 06:51:45] [INFO] [app.database.models] Found country from Google: Japan
[2025-04-28 06:51:45] [INFO] [app.database.models] Created new activity: Tsukiji Market (ID: 33)
[2025-04-28 06:51:45] [INFO] [test_tokyo_trip] Saved mock data to /Users/ezl/code/recs/mock_data/tsukiji_market_response.json
[2025-04-28 06:51:45] [INFO] [app.database.models] Activity.get_or_create called for: Nakameguro
[2025-04-28 06:51:45] [INFO] [app.database.models] Category: Neighborhood
[2025-04-28 06:51:45] [INFO] [app.database.models] With search_vicinity: Tokyo
[2025-04-28 06:51:45] [INFO] [app.database.models] With destination_country: Japan
[2025-04-28 06:51:45] [INFO] [app.database.models] Making Google Places API call for: Nakameguro
[2025-04-28 06:51:45] [INFO] [app.services.google_places_service] Searching Google Places API for: Nakameguro
[2025-04-28 06:51:45] [INFO] [app.services.google_places_service] Category: Neighborhood
[2025-04-28 06:51:45] [INFO] [app.services.google_places_service] Search vicinity: Tokyo
[2025-04-28 06:51:45] [INFO] [app.services.google_places_service] Destination country: Japan
[2025-04-28 06:51:45] [INFO] [app.services.google_places_service] Making FindPlace API request for: Nakameguro
[2025-04-28 06:51:46] [INFO] [app.services.google_places_service] FindPlace API response status: OK
[2025-04-28 06:51:46] [INFO] [app.services.google_places_service] Found place_id for Nakameguro: ChIJAas2LziLGGAROimsxcM_Rqo
[2025-04-28 06:51:46] [INFO] [app.services.google_places_service] Making PlaceDetails API request for place_id: ChIJAas2LziLGGAROimsxcM_Rqo
[2025-04-28 06:51:46] [INFO] [app.services.google_places_service] PlaceDetails API response status: OK
[2025-04-28 06:51:46] [INFO] [app.services.google_places_service] Successfully retrieved details for place: Nakameguro
[2025-04-28 06:51:46] [INFO] [app.database.models] Google Places API returned data for place: Nakameguro
[2025-04-28 06:51:46] [INFO] [app.database.models] Found place_id from Google: ChIJAas2LziLGGAROimsxcM_Rqo
[2025-04-28 06:51:46] [INFO] [app.database.models] Creating new activity for: Nakameguro
[2025-04-28 06:51:46] [INFO] [app.database.models] Adding Google Places data to new activity
[2025-04-28 06:51:46] [INFO] [app.database.models] Found city from Google: Meguro City
[2025-04-28 06:51:46] [INFO] [app.database.models] Found country from Google: Japan
[2025-04-28 06:51:46] [INFO] [app.database.models] Created new activity: Nakameguro (ID: 34)
[2025-04-28 06:51:46] [INFO] [test_tokyo_trip] Saved mock data to /Users/ezl/code/recs/mock_data/nakameguro_response.json
[2025-04-28 06:51:46] [INFO] [app.database.models] Activity.get_or_create called for: Nakameguro
[2025-04-28 06:51:46] [INFO] [app.database.models] Category: Neighborhood
[2025-04-28 06:51:46] [INFO] [app.database.models] With search_vicinity: Tokyo
[2025-04-28 06:51:46] [INFO] [app.database.models] With destination_country: Japan
[2025-04-28 06:51:46] [INFO] [app.database.models] Making Google Places API call for: Nakameguro
[2025-04-28 06:51:46] [INFO] [app.services.google_places_service] Searching Google Places API for: Nakameguro
[2025-04-28 06:51:46] [INFO] [app.services.google_places_service] Category: Neighborhood
[2025-04-28 06:51:46] [INFO] [app.services.google_places_service] Search vicinity: Tokyo
[2025-04-28 06:51:46] [INFO] [app.services.google_places_service] Destination country: Japan
[2025-04-28 06:51:46] [INFO] [app.services.google_places_service] Making FindPlace API request for: Nakameguro
[2025-04-28 06:51:47] [INFO] [app.services.google_places_service] FindPlace API response status: OK
[2025-04-28 06:51:47] [INFO] [app.services.google_places_service] Found place_id for Nakameguro: ChIJAas2LziLGGAROimsxcM_Rqo
[2025-04-28 06:51:47] [INFO] [app.services.google_places_service] Making PlaceDetails API request for place_id: ChIJAas2LziLGGAROimsxcM_Rqo
[2025-04-28 06:51:47] [INFO] [app.services.google_places_service] PlaceDetails API response status: OK
[2025-04-28 06:51:47] [INFO] [app.services.google_places_service] Successfully retrieved details for place: Nakameguro
[2025-04-28 06:51:47] [INFO] [app.database.models] Google Places API returned data for place: Nakameguro
[2025-04-28 06:51:47] [INFO] [app.database.models] Found place_id from Google: ChIJAas2LziLGGAROimsxcM_Rqo
[2025-04-28 06:51:47] [INFO] [app.database.models] Found existing activity with this place_id: Nakameguro
[2025-04-28 06:51:47] [INFO] [test_tokyo_trip] Added 10 recommendations
[2025-04-28 06:51:47] [INFO] [test_tokyo_trip] 
Trip Details:
[2025-04-28 06:51:47] [INFO] [test_tokyo_trip] Trip: Tokyo
[2025-04-28 06:51:47] [INFO] [test_tokyo_trip] Slug: tokyo-apr-2025
[2025-04-28 06:51:47] [INFO] [test_tokyo_trip] Recommendations count: 10
[2025-04-28 06:51:47] [INFO] [test_tokyo_trip] 
Grouped Recommendations:
[2025-04-28 06:51:47] [INFO] [test_tokyo_trip] --------------------------------------------------------------------------------
[2025-04-28 06:51:47] [INFO] [test_tokyo_trip] Activity: Asakusa (ID: 28)
[2025-04-28 06:51:47] [INFO] [test_tokyo_trip] Category: Historic district
[2025-04-28 06:51:47] [INFO] [test_tokyo_trip] Recommended by 2 people:
[2025-04-28 06:51:47] [INFO] [test_tokyo_trip]   - Alpha: "Explore the traditional charm of Asakusa, featuring ancient temples, street food vendors, and a glimpse of old-school Tokyo vibes."
[2025-04-28 06:51:47] [INFO] [test_tokyo_trip]   - Charlie: "Old-school Tokyo vibes, visit Sensoji Temple and grab some street snacks."
[2025-04-28 06:51:47] [INFO] [test_tokyo_trip] --------------------------------------------------------------------------------
[2025-04-28 06:51:47] [INFO] [test_tokyo_trip] Activity: TeamLab Planets (ID: 29)
[2025-04-28 06:51:47] [INFO] [test_tokyo_trip] Category: Interactive art exhibition
[2025-04-28 06:51:47] [INFO] [test_tokyo_trip] Recommended by 2 people:
[2025-04-28 06:51:47] [INFO] [test_tokyo_trip]   - Alpha: "An immersive experience where visitors can walk through interactive art installations resembling a dream."
[2025-04-28 06:51:47] [INFO] [test_tokyo_trip]   - Charlie: "Wild immersive art experience, feels like another world."
[2025-04-28 06:51:47] [INFO] [test_tokyo_trip] --------------------------------------------------------------------------------
[2025-04-28 06:51:47] [INFO] [test_tokyo_trip] Activity: Ramen Street (ID: 30)
[2025-04-28 06:51:47] [INFO] [test_tokyo_trip] Category: Restaurant
[2025-04-28 06:51:47] [INFO] [test_tokyo_trip] Recommended by 1 people:
[2025-04-28 06:51:47] [INFO] [test_tokyo_trip]   - Bravo: "Don't miss Ramen Street at Tokyo Station for a must-try culinary experience in Tokyo."
[2025-04-28 06:51:47] [INFO] [test_tokyo_trip] --------------------------------------------------------------------------------
[2025-04-28 06:51:47] [INFO] [test_tokyo_trip] Activity: Ramen Street (Tokyo Station) (ID: 31)
[2025-04-28 06:51:47] [INFO] [test_tokyo_trip] Category: Food
[2025-04-28 06:51:47] [INFO] [test_tokyo_trip] Recommended by 1 people:
[2025-04-28 06:51:47] [INFO] [test_tokyo_trip]   - Charlie: "A whole underground row of famous ramen shops, easy and delicious."
[2025-04-28 06:51:47] [INFO] [test_tokyo_trip] --------------------------------------------------------------------------------
[2025-04-28 06:51:47] [INFO] [test_tokyo_trip] Activity: Shibuya Scramble Crossing (ID: 32)
[2025-04-28 06:51:47] [INFO] [test_tokyo_trip] Category: Famous landmark
[2025-04-28 06:51:47] [INFO] [test_tokyo_trip] Recommended by 1 people:
[2025-04-28 06:51:47] [INFO] [test_tokyo_trip]   - Alpha: "Experience the iconic and bustling Shibuya Scramble Crossing, and explore the charming streets of Shibuya."
[2025-04-28 06:51:47] [INFO] [test_tokyo_trip] --------------------------------------------------------------------------------
[2025-04-28 06:51:47] [INFO] [test_tokyo_trip] Activity: Tsukiji Market (ID: 33)
[2025-04-28 06:51:47] [INFO] [test_tokyo_trip] Category: Market
[2025-04-28 06:51:47] [INFO] [test_tokyo_trip] Recommended by 1 people:
[2025-04-28 06:51:47] [INFO] [test_tokyo_trip]   - Alpha: "Experience the lively atmosphere of Tsukiji Market, known for its fresh seafood and sushi breakfast offerings."
[2025-04-28 06:51:47] [INFO] [test_tokyo_trip] --------------------------------------------------------------------------------
[2025-04-28 06:51:47] [INFO] [test_tokyo_trip] Activity: Nakameguro (ID: 34)
[2025-04-28 06:51:47] [INFO] [test_tokyo_trip] Category: Neighborhood
[2025-04-28 06:51:47] [INFO] [test_tokyo_trip] Recommended by 2 people:
[2025-04-28 06:51:47] [INFO] [test_tokyo_trip]   - Bravo: "Nakameguro offers a peaceful morning by the river with opportunities to enjoy coffee and a leisurely walk."
[2025-04-28 06:51:47] [INFO] [test_tokyo_trip]   - Charlie: "Chill riverside neighborhood, great for coffee shops and boutique shopping."
[2025-04-28 06:51:47] [INFO] [test_tokyo_trip] --------------------------------------------------------------------------------
[2025-04-28 06:51:55] [INFO] [app] Application started
[2025-04-28 06:51:55] [INFO] [test_trip] Connecting to database...
[2025-04-28 06:51:55] [INFO] [test_trip] Cleaned up 1 existing test trips
[2025-04-28 06:51:55] [INFO] [test_trip] Cleaned up existing test activities
[2025-04-28 06:51:55] [INFO] [test_trip] Created test trip to Paris with slug: paris-apr-2025
[2025-04-28 06:51:55] [INFO] [test_trip] Created recommendation for Eiffel Tower
[2025-04-28 06:51:55] [INFO] [test_trip] 
Verification:
[2025-04-28 06:51:55] [INFO] [test_trip] - Users: 20
[2025-04-28 06:51:55] [INFO] [test_trip] - Trips: 10
[2025-04-28 06:51:55] [INFO] [test_trip] - Activities: 34
[2025-04-28 06:51:55] [INFO] [test_trip] - Recommendations: 23
[2025-04-28 06:51:55] [INFO] [test_trip] 
Test successful!
[2025-04-28 06:51:55] [INFO] [app] Application started
[2025-04-28 06:51:55] [INFO] [test_tokyo_trip] Creating Tokyo trip with recommendations...
[2025-04-28 06:51:55] [INFO] [test_tokyo_trip] Cleared existing recommendations
[2025-04-28 06:52:34] [INFO] [werkzeug]  * Detected change in '/Users/ezl/code/recs/test_tokyo_trip.py', reloading
[2025-04-28 06:52:34] [INFO] [werkzeug]  * Restarting with stat
[2025-04-28 06:52:34] [INFO] [app] Application started
[2025-04-28 06:52:34] [WARNING] [werkzeug]  * Debugger is active!
[2025-04-28 06:52:34] [INFO] [werkzeug]  * Debugger PIN: 547-989-235
[2025-04-28 06:52:42] [INFO] [app] Application started
[2025-04-28 06:52:42] [INFO] [test_trip] Connecting to database...
[2025-04-28 06:52:42] [INFO] [test_trip] Cleaned up 1 existing test trips
[2025-04-28 06:52:42] [INFO] [test_trip] Cleaned up existing test activities
[2025-04-28 06:52:42] [INFO] [test_trip] Created test trip to Paris with slug: paris-apr-2025
[2025-04-28 06:52:42] [INFO] [test_trip] Created recommendation for Eiffel Tower
[2025-04-28 06:52:42] [INFO] [test_trip] 
Verification:
[2025-04-28 06:52:42] [INFO] [test_trip] - Users: 20
[2025-04-28 06:52:42] [INFO] [test_trip] - Trips: 10
[2025-04-28 06:52:42] [INFO] [test_trip] - Activities: 34
[2025-04-28 06:52:42] [INFO] [test_trip] - Recommendations: 13
[2025-04-28 06:52:42] [INFO] [test_trip] 
Test successful!
[2025-04-28 06:52:43] [INFO] [app] Application started
[2025-04-28 06:52:43] [INFO] [test_tokyo_trip] Creating Tokyo trip with recommendations...
[2025-04-28 06:52:43] [INFO] [test_tokyo_trip] Cleared existing recommendations
[2025-04-28 06:52:43] [INFO] [test_tokyo_trip] Using existing activity: Asakusa (ID: 28)
[2025-04-28 06:52:43] [INFO] [test_tokyo_trip] Using existing activity: Asakusa (ID: 28)
[2025-04-28 06:52:43] [INFO] [test_tokyo_trip] Using existing activity: TeamLab Planets (ID: 29)
[2025-04-28 06:52:43] [INFO] [test_tokyo_trip] Using existing activity: TeamLab Planets (ID: 29)
[2025-04-28 06:52:43] [INFO] [test_tokyo_trip] Using existing activity: Ramen Street (ID: 30)
[2025-04-28 06:52:43] [INFO] [test_tokyo_trip] Using existing activity: Ramen Street (Tokyo Station) (ID: 31)
[2025-04-28 06:52:43] [INFO] [test_tokyo_trip] Using existing activity: Shibuya Scramble Crossing (ID: 32)
[2025-04-28 06:52:43] [INFO] [test_tokyo_trip] Using existing activity: Tsukiji Market (ID: 33)
[2025-04-28 06:52:43] [INFO] [test_tokyo_trip] Using existing activity: Nakameguro (ID: 34)
[2025-04-28 06:52:43] [INFO] [test_tokyo_trip] Using existing activity: Nakameguro (ID: 34)
[2025-04-28 06:52:43] [INFO] [test_tokyo_trip] Added 10 recommendations
[2025-04-28 06:52:43] [INFO] [test_tokyo_trip] 
Trip Details:
[2025-04-28 06:52:43] [INFO] [test_tokyo_trip] Trip: Tokyo
[2025-04-28 06:52:43] [INFO] [test_tokyo_trip] Slug: tokyo-apr-2025
[2025-04-28 06:52:43] [INFO] [test_tokyo_trip] Recommendations count: 10
[2025-04-28 06:52:43] [INFO] [test_tokyo_trip] 
Grouped Recommendations:
[2025-04-28 06:52:43] [INFO] [test_tokyo_trip] --------------------------------------------------------------------------------
[2025-04-28 06:52:43] [INFO] [test_tokyo_trip] Activity: Asakusa (ID: 28)
[2025-04-28 06:52:43] [INFO] [test_tokyo_trip] Category: Historic district
[2025-04-28 06:52:43] [INFO] [test_tokyo_trip] Recommended by 2 people:
[2025-04-28 06:52:43] [INFO] [test_tokyo_trip]   - Alpha: "Explore the traditional charm of Asakusa, featuring ancient temples, street food vendors, and a glimpse of old-school Tokyo vibes."
[2025-04-28 06:52:43] [INFO] [test_tokyo_trip]   - Charlie: "Old-school Tokyo vibes, visit Sensoji Temple and grab some street snacks."
[2025-04-28 06:52:43] [INFO] [test_tokyo_trip] --------------------------------------------------------------------------------
[2025-04-28 06:52:43] [INFO] [test_tokyo_trip] Activity: TeamLab Planets (ID: 29)
[2025-04-28 06:52:43] [INFO] [test_tokyo_trip] Category: Interactive art exhibition
[2025-04-28 06:52:43] [INFO] [test_tokyo_trip] Recommended by 2 people:
[2025-04-28 06:52:43] [INFO] [test_tokyo_trip]   - Alpha: "An immersive experience where visitors can walk through interactive art installations resembling a dream."
[2025-04-28 06:52:43] [INFO] [test_tokyo_trip]   - Charlie: "Wild immersive art experience, feels like another world."
[2025-04-28 06:52:43] [INFO] [test_tokyo_trip] --------------------------------------------------------------------------------
[2025-04-28 06:52:43] [INFO] [test_tokyo_trip] Activity: Ramen Street (ID: 30)
[2025-04-28 06:52:43] [INFO] [test_tokyo_trip] Category: Restaurant
[2025-04-28 06:52:43] [INFO] [test_tokyo_trip] Recommended by 1 people:
[2025-04-28 06:52:43] [INFO] [test_tokyo_trip]   - Bravo: "Don't miss Ramen Street at Tokyo Station for a must-try culinary experience in Tokyo."
[2025-04-28 06:52:43] [INFO] [test_tokyo_trip] --------------------------------------------------------------------------------
[2025-04-28 06:52:43] [INFO] [test_tokyo_trip] Activity: Ramen Street (Tokyo Station) (ID: 31)
[2025-04-28 06:52:43] [INFO] [test_tokyo_trip] Category: Food
[2025-04-28 06:52:43] [INFO] [test_tokyo_trip] Recommended by 1 people:
[2025-04-28 06:52:43] [INFO] [test_tokyo_trip]   - Charlie: "A whole underground row of famous ramen shops, easy and delicious."
[2025-04-28 06:52:43] [INFO] [test_tokyo_trip] --------------------------------------------------------------------------------
[2025-04-28 06:52:43] [INFO] [test_tokyo_trip] Activity: Shibuya Scramble Crossing (ID: 32)
[2025-04-28 06:52:43] [INFO] [test_tokyo_trip] Category: Famous landmark
[2025-04-28 06:52:43] [INFO] [test_tokyo_trip] Recommended by 1 people:
[2025-04-28 06:52:43] [INFO] [test_tokyo_trip]   - Alpha: "Experience the iconic and bustling Shibuya Scramble Crossing, and explore the charming streets of Shibuya."
[2025-04-28 06:52:43] [INFO] [test_tokyo_trip] --------------------------------------------------------------------------------
[2025-04-28 06:52:43] [INFO] [test_tokyo_trip] Activity: Tsukiji Market (ID: 33)
[2025-04-28 06:52:43] [INFO] [test_tokyo_trip] Category: Market
[2025-04-28 06:52:43] [INFO] [test_tokyo_trip] Recommended by 1 people:
[2025-04-28 06:52:43] [INFO] [test_tokyo_trip]   - Alpha: "Experience the lively atmosphere of Tsukiji Market, known for its fresh seafood and sushi breakfast offerings."
[2025-04-28 06:52:43] [INFO] [test_tokyo_trip] --------------------------------------------------------------------------------
[2025-04-28 06:52:43] [INFO] [test_tokyo_trip] Activity: Nakameguro (ID: 34)
[2025-04-28 06:52:43] [INFO] [test_tokyo_trip] Category: Neighborhood
[2025-04-28 06:52:43] [INFO] [test_tokyo_trip] Recommended by 2 people:
[2025-04-28 06:52:43] [INFO] [test_tokyo_trip]   - Bravo: "Nakameguro offers a peaceful morning by the river with opportunities to enjoy coffee and a leisurely walk."
[2025-04-28 06:52:43] [INFO] [test_tokyo_trip]   - Charlie: "Chill riverside neighborhood, great for coffee shops and boutique shopping."
[2025-04-28 06:52:43] [INFO] [test_tokyo_trip] --------------------------------------------------------------------------------
[2025-04-28 06:54:39] [INFO] [app] Application started
[2025-04-28 06:54:40] [INFO] [app] Application started
[2025-04-28 06:56:30] [INFO] [app] Application started
[2025-04-28 06:56:30] [INFO] [test_trip] Connecting to database...
[2025-04-28 06:56:30] [INFO] [test_trip] Cleaned up 1 existing test trips
[2025-04-28 06:56:30] [INFO] [test_trip] Cleaned up existing test activities
[2025-04-28 06:56:30] [INFO] [test_trip] Created test trip to Paris with slug: paris-apr-2025
[2025-04-28 06:56:30] [INFO] [test_trip] Created recommendation for Eiffel Tower
[2025-04-28 06:56:30] [INFO] [test_trip] 
Verification:
[2025-04-28 06:56:30] [INFO] [test_trip] - Users: 20
[2025-04-28 06:56:30] [INFO] [test_trip] - Trips: 10
[2025-04-28 06:56:30] [INFO] [test_trip] - Activities: 34
[2025-04-28 06:56:30] [INFO] [test_trip] - Recommendations: 23
[2025-04-28 06:56:30] [INFO] [test_trip] 
Test successful!
[2025-04-28 06:56:30] [INFO] [app] Application started
[2025-04-28 06:56:30] [INFO] [test_tokyo_trip] Creating Tokyo trip with recommendations...
[2025-04-28 06:56:30] [INFO] [test_tokyo_trip] Cleared existing recommendations
[2025-04-28 06:56:30] [INFO] [test_tokyo_trip] Using existing activity: Asakusa (ID: 28)
[2025-04-28 06:56:30] [INFO] [test_tokyo_trip] Using existing activity: Asakusa (ID: 28)
[2025-04-28 06:56:30] [INFO] [test_tokyo_trip] Using existing activity: TeamLab Planets (ID: 29)
[2025-04-28 06:56:30] [INFO] [test_tokyo_trip] Using existing activity: TeamLab Planets (ID: 29)
[2025-04-28 06:56:30] [INFO] [test_tokyo_trip] Using existing activity: Ramen Street (ID: 30)
[2025-04-28 06:56:30] [INFO] [test_tokyo_trip] Using existing activity: Ramen Street (Tokyo Station) (ID: 31)
[2025-04-28 06:56:30] [INFO] [test_tokyo_trip] Using existing activity: Shibuya Scramble Crossing (ID: 32)
[2025-04-28 06:56:30] [INFO] [test_tokyo_trip] Using existing activity: Tsukiji Market (ID: 33)
[2025-04-28 06:56:30] [INFO] [test_tokyo_trip] Using existing activity: Nakameguro (ID: 34)
[2025-04-28 06:56:30] [INFO] [test_tokyo_trip] Using existing activity: Nakameguro (ID: 34)
[2025-04-28 06:56:30] [INFO] [test_tokyo_trip] Added 10 recommendations
[2025-04-28 06:56:30] [INFO] [test_tokyo_trip] 
Trip Details:
[2025-04-28 06:56:30] [INFO] [test_tokyo_trip] Trip: Tokyo
[2025-04-28 06:56:30] [INFO] [test_tokyo_trip] Slug: tokyo-apr-2025
[2025-04-28 06:56:30] [INFO] [test_tokyo_trip] Recommendations count: 10
[2025-04-28 06:56:30] [INFO] [test_tokyo_trip] 
Grouped Recommendations:
[2025-04-28 06:56:30] [INFO] [test_tokyo_trip] --------------------------------------------------------------------------------
[2025-04-28 06:56:30] [INFO] [test_tokyo_trip] Activity: Asakusa (ID: 28)
[2025-04-28 06:56:30] [INFO] [test_tokyo_trip] Category: Historic district
[2025-04-28 06:56:30] [INFO] [test_tokyo_trip] Recommended by 2 people:
[2025-04-28 06:56:30] [INFO] [test_tokyo_trip]   - Alpha: "Explore the traditional charm of Asakusa, featuring ancient temples, street food vendors, and a glimpse of old-school Tokyo vibes."
[2025-04-28 06:56:30] [INFO] [test_tokyo_trip]   - Charlie: "Old-school Tokyo vibes, visit Sensoji Temple and grab some street snacks."
[2025-04-28 06:56:30] [INFO] [test_tokyo_trip] --------------------------------------------------------------------------------
[2025-04-28 06:56:30] [INFO] [test_tokyo_trip] Activity: TeamLab Planets (ID: 29)
[2025-04-28 06:56:30] [INFO] [test_tokyo_trip] Category: Interactive art exhibition
[2025-04-28 06:56:30] [INFO] [test_tokyo_trip] Recommended by 2 people:
[2025-04-28 06:56:30] [INFO] [test_tokyo_trip]   - Alpha: "An immersive experience where visitors can walk through interactive art installations resembling a dream."
[2025-04-28 06:56:30] [INFO] [test_tokyo_trip]   - Charlie: "Wild immersive art experience, feels like another world."
[2025-04-28 06:56:30] [INFO] [test_tokyo_trip] --------------------------------------------------------------------------------
[2025-04-28 06:56:30] [INFO] [test_tokyo_trip] Activity: Ramen Street (ID: 30)
[2025-04-28 06:56:30] [INFO] [test_tokyo_trip] Category: Restaurant
[2025-04-28 06:56:30] [INFO] [test_tokyo_trip] Recommended by 1 people:
[2025-04-28 06:56:30] [INFO] [test_tokyo_trip]   - Bravo: "Don't miss Ramen Street at Tokyo Station for a must-try culinary experience in Tokyo."
[2025-04-28 06:56:30] [INFO] [test_tokyo_trip] --------------------------------------------------------------------------------
[2025-04-28 06:56:30] [INFO] [test_tokyo_trip] Activity: Ramen Street (Tokyo Station) (ID: 31)
[2025-04-28 06:56:30] [INFO] [test_tokyo_trip] Category: Food
[2025-04-28 06:56:30] [INFO] [test_tokyo_trip] Recommended by 1 people:
[2025-04-28 06:56:30] [INFO] [test_tokyo_trip]   - Charlie: "A whole underground row of famous ramen shops, easy and delicious."
[2025-04-28 06:56:30] [INFO] [test_tokyo_trip] --------------------------------------------------------------------------------
[2025-04-28 06:56:30] [INFO] [test_tokyo_trip] Activity: Shibuya Scramble Crossing (ID: 32)
[2025-04-28 06:56:30] [INFO] [test_tokyo_trip] Category: Famous landmark
[2025-04-28 06:56:30] [INFO] [test_tokyo_trip] Recommended by 1 people:
[2025-04-28 06:56:30] [INFO] [test_tokyo_trip]   - Alpha: "Experience the iconic and bustling Shibuya Scramble Crossing, and explore the charming streets of Shibuya."
[2025-04-28 06:56:30] [INFO] [test_tokyo_trip] --------------------------------------------------------------------------------
[2025-04-28 06:56:30] [INFO] [test_tokyo_trip] Activity: Tsukiji Market (ID: 33)
[2025-04-28 06:56:30] [INFO] [test_tokyo_trip] Category: Market
[2025-04-28 06:56:30] [INFO] [test_tokyo_trip] Recommended by 1 people:
[2025-04-28 06:56:30] [INFO] [test_tokyo_trip]   - Alpha: "Experience the lively atmosphere of Tsukiji Market, known for its fresh seafood and sushi breakfast offerings."
[2025-04-28 06:56:30] [INFO] [test_tokyo_trip] --------------------------------------------------------------------------------
[2025-04-28 06:56:30] [INFO] [test_tokyo_trip] Activity: Nakameguro (ID: 34)
[2025-04-28 06:56:30] [INFO] [test_tokyo_trip] Category: Neighborhood
[2025-04-28 06:56:30] [INFO] [test_tokyo_trip] Recommended by 2 people:
[2025-04-28 06:56:30] [INFO] [test_tokyo_trip]   - Bravo: "Nakameguro offers a peaceful morning by the river with opportunities to enjoy coffee and a leisurely walk."
[2025-04-28 06:56:30] [INFO] [test_tokyo_trip]   - Charlie: "Chill riverside neighborhood, great for coffee shops and boutique shopping."
[2025-04-28 06:56:30] [INFO] [test_tokyo_trip] --------------------------------------------------------------------------------
[2025-04-28 06:58:41] [INFO] [app] Application started
[2025-04-28 06:58:42] [INFO] [app] Application started
[2025-04-28 06:59:12] [INFO] [app] Application started
[2025-04-28 06:59:12] [INFO] [app] Application started
[2025-04-28 07:03:18] [INFO] [app] Application started
[2025-04-28 07:03:19] [INFO] [app] Application started
[2025-04-28 07:03:40] [INFO] [app] Application started
[2025-04-28 07:03:40] [ERROR] [flask_migrate] Error: Path doesn't exist: '/Users/ezl/code/recs/e2e_tests/migrations'.  Please use the 'init' command to create a new scripts folder.
[2025-04-28 07:04:28] [INFO] [app] Application started
[2025-04-28 07:04:28] [ERROR] [flask_migrate] Error: Directory migrations already exists and is not empty
[2025-04-28 07:04:32] [INFO] [app] Application started
[2025-04-28 07:04:33] [INFO] [app] Application started
