[2025-04-27 19:40:34] [INFO] [app.database.models] Activity.get_or_create called for: Eiffel Tower
[2025-04-27 19:40:34] [INFO] [app.database.models] Category: landmark
[2025-04-27 19:40:34] [INFO] [app.database.models] With search_vicinity: Paris
[2025-04-27 19:40:34] [INFO] [app.database.models] With destination_country: France
[2025-04-27 19:40:34] [INFO] [app.database.models] Making Google Places API call for: Eiffel Tower
[2025-04-27 19:40:34] [INFO] [app.services.google_places_service] Searching Google Places API for: Eiffel Tower
[2025-04-27 19:40:34] [INFO] [app.services.google_places_service] Category: landmark
[2025-04-27 19:40:34] [INFO] [app.services.google_places_service] Search vicinity: Paris
[2025-04-27 19:40:34] [INFO] [app.services.google_places_service] Destination country: France
[2025-04-27 19:40:34] [INFO] [app.services.google_places_service] Making FindPlace API request for: Eiffel Tower
[2025-04-27 19:40:35] [INFO] [app.services.google_places_service] FindPlace API response status: REQUEST_DENIED
[2025-04-27 19:40:35] [WARNING] [app.services.google_places_service] FindPlace API returned non-OK status: REQUEST_DENIED
[2025-04-27 19:40:35] [WARNING] [app.services.google_places_service] Error message: This API project is not authorized to use this API.
[2025-04-27 19:40:35] [INFO] [app.services.google_places_service] No exact match found, trying text search with: Eiffel Tower landmark Paris
[2025-04-27 19:40:35] [INFO] [app.services.google_places_service] Making TextSearch API request for query: Eiffel Tower landmark Paris
[2025-04-27 19:40:35] [INFO] [app.services.google_places_service] TextSearch API response status: REQUEST_DENIED
[2025-04-27 19:40:35] [WARNING] [app.services.google_places_service] TextSearch API returned non-OK status: REQUEST_DENIED
[2025-04-27 19:40:35] [WARNING] [app.services.google_places_service] Error message: This API project is not authorized to use this API.
[2025-04-27 19:40:35] [INFO] [app.database.models] No Google Places match found for: Eiffel Tower
[2025-04-27 19:40:35] [INFO] [app.database.models] Falling back to name matching for: Eiffel Tower
[2025-04-27 19:40:35] [INFO] [app.database.models] No existing activity found with name: Eiffel Tower
[2025-04-27 19:40:35] [INFO] [app.database.models] Creating new activity for: Eiffel Tower
[2025-04-27 19:40:35] [INFO] [app.database.models] Created new activity: Eiffel Tower (ID: 27)
[2025-04-28 06:37:11] [INFO] [app.database.models] Activity.get_or_create called for: Eiffel Tower
[2025-04-28 06:37:11] [INFO] [app.database.models] Category: landmark
[2025-04-28 06:37:11] [INFO] [app.database.models] With search_vicinity: Paris
[2025-04-28 06:37:11] [INFO] [app.database.models] With destination_country: France
[2025-04-28 06:37:11] [INFO] [app.database.models] Making Google Places API call for: Eiffel Tower
[2025-04-28 06:37:11] [INFO] [app.services.google_places_service] Searching Google Places API for: Eiffel Tower
[2025-04-28 06:37:11] [INFO] [app.services.google_places_service] Category: landmark
[2025-04-28 06:37:11] [INFO] [app.services.google_places_service] Search vicinity: Paris
[2025-04-28 06:37:11] [INFO] [app.services.google_places_service] Destination country: France
[2025-04-28 06:37:11] [INFO] [app.services.google_places_service] Making FindPlace API request for: Eiffel Tower
[2025-04-28 06:37:11] [INFO] [app.services.google_places_service] FindPlace API response status: OK
[2025-04-28 06:37:11] [INFO] [app.services.google_places_service] Found place_id for Eiffel Tower: ChIJLU7jZClu5kcR4PcOOO6p3I0
[2025-04-28 06:37:11] [INFO] [app.services.google_places_service] Making PlaceDetails API request for place_id: ChIJLU7jZClu5kcR4PcOOO6p3I0
[2025-04-28 06:37:12] [INFO] [app.services.google_places_service] PlaceDetails API response status: OK
[2025-04-28 06:37:12] [INFO] [app.services.google_places_service] Successfully retrieved details for place: Eiffel Tower
[2025-04-28 06:37:12] [INFO] [app.database.models] Google Places API returned data for place: Eiffel Tower
[2025-04-28 06:37:12] [INFO] [app.database.models] Found place_id from Google: ChIJLU7jZClu5kcR4PcOOO6p3I0
[2025-04-28 06:37:12] [INFO] [app.database.models] Creating new activity for: Eiffel Tower
[2025-04-28 06:37:12] [INFO] [app.database.models] Adding Google Places data to new activity
[2025-04-28 06:37:12] [INFO] [app.database.models] Found city from Google: Paris
[2025-04-28 06:37:12] [INFO] [app.database.models] Found country from Google: France
[2025-04-28 06:37:12] [INFO] [app.database.models] Created new activity: Eiffel Tower (ID: 28)
[2025-04-28 06:42:22] [INFO] [app.services.google_places_service] Searching Google Places API for: Eiffel Tower
[2025-04-28 06:42:22] [INFO] [app.services.google_places_service] Search vicinity: Paris
[2025-04-28 06:42:22] [INFO] [app.services.google_places_service] Destination country: France
[2025-04-28 06:42:22] [INFO] [app.services.google_places_service] Making FindPlace API request for: Eiffel Tower
[2025-04-28 06:42:23] [INFO] [app.services.google_places_service] FindPlace API response status: OK
[2025-04-28 06:42:23] [INFO] [app.services.google_places_service] Found place_id for Eiffel Tower: ChIJLU7jZClu5kcR4PcOOO6p3I0
[2025-04-28 06:42:23] [INFO] [app.services.google_places_service] Making PlaceDetails API request for place_id: ChIJLU7jZClu5kcR4PcOOO6p3I0
[2025-04-28 06:42:23] [INFO] [app.services.google_places_service] PlaceDetails API response status: OK
[2025-04-28 06:42:23] [INFO] [app.services.google_places_service] Successfully retrieved details for place: Eiffel Tower
[2025-04-28 06:46:48] [INFO] [app.services.google_places_service] Searching Google Places API for: Eiffel Tower
[2025-04-28 06:46:48] [INFO] [app.services.google_places_service] Search vicinity: Paris
[2025-04-28 06:46:48] [INFO] [app.services.google_places_service] Destination country: France
[2025-04-28 06:46:48] [INFO] [app.services.google_places_service] Making FindPlace API request for: Eiffel Tower
[2025-04-28 06:46:48] [INFO] [app.services.google_places_service] FindPlace API response status: OK
[2025-04-28 06:46:48] [INFO] [app.services.google_places_service] Found place_id for Eiffel Tower: ChIJLU7jZClu5kcR4PcOOO6p3I0
[2025-04-28 06:46:48] [INFO] [app.services.google_places_service] Making PlaceDetails API request for place_id: ChIJLU7jZClu5kcR4PcOOO6p3I0
[2025-04-28 06:46:49] [INFO] [app.services.google_places_service] PlaceDetails API response status: OK
[2025-04-28 06:46:49] [INFO] [app.services.google_places_service] Successfully retrieved details for place: Eiffel Tower
[2025-04-28 06:49:01] [INFO] [app.database.models] Activity.get_or_create called for: Eiffel Tower
[2025-04-28 06:49:01] [INFO] [app.database.models] Category: landmark
[2025-04-28 06:49:01] [INFO] [app.database.models] With search_vicinity: Paris
[2025-04-28 06:49:01] [INFO] [app.database.models] With destination_country: France
[2025-04-28 06:49:01] [INFO] [app.database.models] Making Google Places API call for: Eiffel Tower
[2025-04-28 06:49:01] [INFO] [app.services.google_places_service] Searching Google Places API for: Eiffel Tower
[2025-04-28 06:49:01] [INFO] [app.services.google_places_service] Category: landmark
[2025-04-28 06:49:01] [INFO] [app.services.google_places_service] Search vicinity: Paris
[2025-04-28 06:49:01] [INFO] [app.services.google_places_service] Destination country: France
[2025-04-28 06:49:01] [INFO] [app.services.google_places_service] Making FindPlace API request for: Eiffel Tower
[2025-04-28 06:49:02] [INFO] [app.services.google_places_service] FindPlace API response status: OK
[2025-04-28 06:49:02] [INFO] [app.services.google_places_service] Found place_id for Eiffel Tower: ChIJLU7jZClu5kcR4PcOOO6p3I0
[2025-04-28 06:49:02] [INFO] [app.services.google_places_service] Making PlaceDetails API request for place_id: ChIJLU7jZClu5kcR4PcOOO6p3I0
[2025-04-28 06:49:02] [INFO] [app.services.google_places_service] PlaceDetails API response status: OK
[2025-04-28 06:49:02] [INFO] [app.services.google_places_service] Successfully retrieved details for place: Eiffel Tower
[2025-04-28 06:49:02] [INFO] [app.database.models] Google Places API returned data for place: Eiffel Tower
[2025-04-28 06:49:02] [INFO] [app.database.models] Found place_id from Google: ChIJLU7jZClu5kcR4PcOOO6p3I0
[2025-04-28 06:49:02] [INFO] [app.database.models] Creating new activity for: Eiffel Tower
[2025-04-28 06:49:02] [INFO] [app.database.models] Adding Google Places data to new activity
[2025-04-28 06:49:02] [INFO] [app.database.models] Found city from Google: Paris
[2025-04-28 06:49:02] [INFO] [app.database.models] Found country from Google: France
[2025-04-28 06:49:02] [INFO] [app.database.models] Created new activity: Eiffel Tower (ID: 27)
[2025-04-28 06:51:37] [INFO] [app.database.models] Activity.get_or_create called for: Asakusa
[2025-04-28 06:51:37] [INFO] [app.database.models] Category: Historic district
[2025-04-28 06:51:37] [INFO] [app.database.models] With search_vicinity: Tokyo
[2025-04-28 06:51:37] [INFO] [app.database.models] With destination_country: Japan
[2025-04-28 06:51:37] [INFO] [app.database.models] Making Google Places API call for: Asakusa
[2025-04-28 06:51:37] [INFO] [app.services.google_places_service] Searching Google Places API for: Asakusa
[2025-04-28 06:51:37] [INFO] [app.services.google_places_service] Category: Historic district
[2025-04-28 06:51:37] [INFO] [app.services.google_places_service] Search vicinity: Tokyo
[2025-04-28 06:51:37] [INFO] [app.services.google_places_service] Destination country: Japan
[2025-04-28 06:51:37] [INFO] [app.services.google_places_service] Making FindPlace API request for: Asakusa
[2025-04-28 06:51:38] [INFO] [app.services.google_places_service] FindPlace API response status: OK
[2025-04-28 06:51:38] [INFO] [app.services.google_places_service] Found place_id for Asakusa: ChIJM1N_BMKOGGARZ0DHgTj9hHw
[2025-04-28 06:51:38] [INFO] [app.services.google_places_service] Making PlaceDetails API request for place_id: ChIJM1N_BMKOGGARZ0DHgTj9hHw
[2025-04-28 06:51:38] [INFO] [app.services.google_places_service] PlaceDetails API response status: OK
[2025-04-28 06:51:38] [INFO] [app.services.google_places_service] Successfully retrieved details for place: Asakusa
[2025-04-28 06:51:38] [INFO] [app.database.models] Google Places API returned data for place: Asakusa
[2025-04-28 06:51:38] [INFO] [app.database.models] Found place_id from Google: ChIJM1N_BMKOGGARZ0DHgTj9hHw
[2025-04-28 06:51:38] [INFO] [app.database.models] Creating new activity for: Asakusa
[2025-04-28 06:51:38] [INFO] [app.database.models] Adding Google Places data to new activity
[2025-04-28 06:51:38] [INFO] [app.database.models] Found city from Google: Taito City
[2025-04-28 06:51:38] [INFO] [app.database.models] Found country from Google: Japan
[2025-04-28 06:51:38] [INFO] [app.database.models] Created new activity: Asakusa (ID: 28)
[2025-04-28 06:51:38] [INFO] [app.database.models] Activity.get_or_create called for: Asakusa
[2025-04-28 06:51:38] [INFO] [app.database.models] Category: Historic area
[2025-04-28 06:51:38] [INFO] [app.database.models] With search_vicinity: Tokyo
[2025-04-28 06:51:38] [INFO] [app.database.models] With destination_country: Japan
[2025-04-28 06:51:38] [INFO] [app.database.models] Making Google Places API call for: Asakusa
[2025-04-28 06:51:38] [INFO] [app.services.google_places_service] Searching Google Places API for: Asakusa
[2025-04-28 06:51:38] [INFO] [app.services.google_places_service] Category: Historic area
[2025-04-28 06:51:38] [INFO] [app.services.google_places_service] Search vicinity: Tokyo
[2025-04-28 06:51:38] [INFO] [app.services.google_places_service] Destination country: Japan
[2025-04-28 06:51:38] [INFO] [app.services.google_places_service] Making FindPlace API request for: Asakusa
[2025-04-28 06:51:39] [INFO] [app.services.google_places_service] FindPlace API response status: OK
[2025-04-28 06:51:39] [INFO] [app.services.google_places_service] Found place_id for Asakusa: ChIJM1N_BMKOGGARZ0DHgTj9hHw
[2025-04-28 06:51:39] [INFO] [app.services.google_places_service] Making PlaceDetails API request for place_id: ChIJM1N_BMKOGGARZ0DHgTj9hHw
[2025-04-28 06:51:39] [INFO] [app.services.google_places_service] PlaceDetails API response status: OK
[2025-04-28 06:51:39] [INFO] [app.services.google_places_service] Successfully retrieved details for place: Asakusa
[2025-04-28 06:51:39] [INFO] [app.database.models] Google Places API returned data for place: Asakusa
[2025-04-28 06:51:39] [INFO] [app.database.models] Found place_id from Google: ChIJM1N_BMKOGGARZ0DHgTj9hHw
[2025-04-28 06:51:39] [INFO] [app.database.models] Found existing activity with this place_id: Asakusa
[2025-04-28 06:51:39] [INFO] [app.database.models] Activity.get_or_create called for: TeamLab Planets
[2025-04-28 06:51:39] [INFO] [app.database.models] Category: Interactive art exhibition
[2025-04-28 06:51:39] [INFO] [app.database.models] With search_vicinity: Tokyo
[2025-04-28 06:51:39] [INFO] [app.database.models] With destination_country: Japan
[2025-04-28 06:51:39] [INFO] [app.database.models] Making Google Places API call for: TeamLab Planets
[2025-04-28 06:51:39] [INFO] [app.services.google_places_service] Searching Google Places API for: TeamLab Planets
[2025-04-28 06:51:39] [INFO] [app.services.google_places_service] Category: Interactive art exhibition
[2025-04-28 06:51:39] [INFO] [app.services.google_places_service] Search vicinity: Tokyo
[2025-04-28 06:51:39] [INFO] [app.services.google_places_service] Destination country: Japan
[2025-04-28 06:51:39] [INFO] [app.services.google_places_service] Making FindPlace API request for: TeamLab Planets
[2025-04-28 06:51:40] [INFO] [app.services.google_places_service] FindPlace API response status: OK
[2025-04-28 06:51:40] [INFO] [app.services.google_places_service] Found place_id for TeamLab Planets: ChIJSeco5wiJGGARItbTS8lQ5G0
[2025-04-28 06:51:40] [INFO] [app.services.google_places_service] Making PlaceDetails API request for place_id: ChIJSeco5wiJGGARItbTS8lQ5G0
[2025-04-28 06:51:40] [INFO] [app.services.google_places_service] PlaceDetails API response status: OK
[2025-04-28 06:51:40] [INFO] [app.services.google_places_service] Successfully retrieved details for place: teamLab Planets TOKYO DMM
[2025-04-28 06:51:40] [INFO] [app.database.models] Google Places API returned data for place: teamLab Planets TOKYO DMM
[2025-04-28 06:51:40] [INFO] [app.database.models] Found place_id from Google: ChIJSeco5wiJGGARItbTS8lQ5G0
[2025-04-28 06:51:40] [INFO] [app.database.models] Creating new activity for: TeamLab Planets
[2025-04-28 06:51:40] [INFO] [app.database.models] Adding Google Places data to new activity
[2025-04-28 06:51:40] [INFO] [app.database.models] Found city from Google: Koto City
[2025-04-28 06:51:40] [INFO] [app.database.models] Found country from Google: Japan
[2025-04-28 06:51:40] [INFO] [app.database.models] Created new activity: TeamLab Planets (ID: 29)
[2025-04-28 06:51:40] [INFO] [app.database.models] Activity.get_or_create called for: TeamLab Planets
[2025-04-28 06:51:40] [INFO] [app.database.models] Category: Art Museum
[2025-04-28 06:51:40] [INFO] [app.database.models] With search_vicinity: Tokyo
[2025-04-28 06:51:40] [INFO] [app.database.models] With destination_country: Japan
[2025-04-28 06:51:40] [INFO] [app.database.models] Making Google Places API call for: TeamLab Planets
[2025-04-28 06:51:40] [INFO] [app.services.google_places_service] Searching Google Places API for: TeamLab Planets
[2025-04-28 06:51:40] [INFO] [app.services.google_places_service] Category: Art Museum
[2025-04-28 06:51:40] [INFO] [app.services.google_places_service] Search vicinity: Tokyo
[2025-04-28 06:51:40] [INFO] [app.services.google_places_service] Destination country: Japan
[2025-04-28 06:51:40] [INFO] [app.services.google_places_service] Making FindPlace API request for: TeamLab Planets
[2025-04-28 06:51:40] [INFO] [app.services.google_places_service] FindPlace API response status: OK
[2025-04-28 06:51:40] [INFO] [app.services.google_places_service] Found place_id for TeamLab Planets: ChIJSeco5wiJGGARItbTS8lQ5G0
[2025-04-28 06:51:40] [INFO] [app.services.google_places_service] Making PlaceDetails API request for place_id: ChIJSeco5wiJGGARItbTS8lQ5G0
[2025-04-28 06:51:41] [INFO] [app.services.google_places_service] PlaceDetails API response status: OK
[2025-04-28 06:51:41] [INFO] [app.services.google_places_service] Successfully retrieved details for place: teamLab Planets TOKYO DMM
[2025-04-28 06:51:41] [INFO] [app.database.models] Google Places API returned data for place: teamLab Planets TOKYO DMM
[2025-04-28 06:51:41] [INFO] [app.database.models] Found place_id from Google: ChIJSeco5wiJGGARItbTS8lQ5G0
[2025-04-28 06:51:41] [INFO] [app.database.models] Found existing activity with this place_id: TeamLab Planets
[2025-04-28 06:51:41] [INFO] [app.database.models] Activity.get_or_create called for: Ramen Street
[2025-04-28 06:51:41] [INFO] [app.database.models] Category: Restaurant
[2025-04-28 06:51:41] [INFO] [app.database.models] With search_vicinity: Tokyo
[2025-04-28 06:51:41] [INFO] [app.database.models] With destination_country: Japan
[2025-04-28 06:51:41] [INFO] [app.database.models] Making Google Places API call for: Ramen Street
[2025-04-28 06:51:41] [INFO] [app.services.google_places_service] Searching Google Places API for: Ramen Street
[2025-04-28 06:51:41] [INFO] [app.services.google_places_service] Category: Restaurant
[2025-04-28 06:51:41] [INFO] [app.services.google_places_service] Search vicinity: Tokyo
[2025-04-28 06:51:41] [INFO] [app.services.google_places_service] Destination country: Japan
[2025-04-28 06:51:41] [INFO] [app.services.google_places_service] Making FindPlace API request for: Ramen Street
[2025-04-28 06:51:41] [INFO] [app.services.google_places_service] FindPlace API response status: OK
[2025-04-28 06:51:41] [INFO] [app.services.google_places_service] Found place_id for Ramen Street: ChIJA6ITw0fGwoARSgap8a1UAYA
[2025-04-28 06:51:41] [INFO] [app.services.google_places_service] Making PlaceDetails API request for place_id: ChIJA6ITw0fGwoARSgap8a1UAYA
[2025-04-28 06:51:42] [INFO] [app.services.google_places_service] PlaceDetails API response status: OK
[2025-04-28 06:51:42] [INFO] [app.services.google_places_service] Successfully retrieved details for place: Mr. Ramen
[2025-04-28 06:51:42] [INFO] [app.database.models] Google Places API returned data for place: Mr. Ramen
[2025-04-28 06:51:42] [INFO] [app.database.models] Found place_id from Google: ChIJA6ITw0fGwoARSgap8a1UAYA
[2025-04-28 06:51:42] [INFO] [app.database.models] Creating new activity for: Ramen Street
[2025-04-28 06:51:42] [INFO] [app.database.models] Adding Google Places data to new activity
[2025-04-28 06:51:42] [INFO] [app.database.models] Found city from Google: Los Angeles
[2025-04-28 06:51:42] [INFO] [app.database.models] Found country from Google: United States
[2025-04-28 06:51:42] [INFO] [app.database.models] Created new activity: Ramen Street (ID: 30)
[2025-04-28 06:51:42] [INFO] [app.database.models] Activity.get_or_create called for: Ramen Street (Tokyo Station)
[2025-04-28 06:51:42] [INFO] [app.database.models] Category: Food
[2025-04-28 06:51:42] [INFO] [app.database.models] With search_vicinity: Tokyo
[2025-04-28 06:51:42] [INFO] [app.database.models] With destination_country: Japan
[2025-04-28 06:51:42] [INFO] [app.database.models] Making Google Places API call for: Ramen Street (Tokyo Station)
[2025-04-28 06:51:42] [INFO] [app.services.google_places_service] Searching Google Places API for: Ramen Street (Tokyo Station)
[2025-04-28 06:51:42] [INFO] [app.services.google_places_service] Category: Food
[2025-04-28 06:51:42] [INFO] [app.services.google_places_service] Search vicinity: Tokyo
[2025-04-28 06:51:42] [INFO] [app.services.google_places_service] Destination country: Japan
[2025-04-28 06:51:42] [INFO] [app.services.google_places_service] Making FindPlace API request for: Ramen Street (Tokyo Station)
[2025-04-28 06:51:43] [INFO] [app.services.google_places_service] FindPlace API response status: OK
[2025-04-28 06:51:43] [INFO] [app.services.google_places_service] Found place_id for Ramen Street (Tokyo Station): ChIJGeYlX_mLGGARwsJahMe-XZg
[2025-04-28 06:51:43] [INFO] [app.services.google_places_service] Making PlaceDetails API request for place_id: ChIJGeYlX_mLGGARwsJahMe-XZg
[2025-04-28 06:51:43] [INFO] [app.services.google_places_service] PlaceDetails API response status: OK
[2025-04-28 06:51:43] [INFO] [app.services.google_places_service] Successfully retrieved details for place: Tokyo Ramen Street
[2025-04-28 06:51:43] [INFO] [app.database.models] Google Places API returned data for place: Tokyo Ramen Street
[2025-04-28 06:51:43] [INFO] [app.database.models] Found place_id from Google: ChIJGeYlX_mLGGARwsJahMe-XZg
[2025-04-28 06:51:43] [INFO] [app.database.models] Creating new activity for: Ramen Street (Tokyo Station)
[2025-04-28 06:51:43] [INFO] [app.database.models] Adding Google Places data to new activity
[2025-04-28 06:51:43] [INFO] [app.database.models] Found city from Google: Chiyoda City
[2025-04-28 06:51:43] [INFO] [app.database.models] Found country from Google: Japan
[2025-04-28 06:51:43] [INFO] [app.database.models] Created new activity: Ramen Street (Tokyo Station) (ID: 31)
[2025-04-28 06:51:43] [INFO] [app.database.models] Activity.get_or_create called for: Shibuya Scramble Crossing
[2025-04-28 06:51:43] [INFO] [app.database.models] Category: Famous landmark
[2025-04-28 06:51:43] [INFO] [app.database.models] With search_vicinity: Tokyo
[2025-04-28 06:51:43] [INFO] [app.database.models] With destination_country: Japan
[2025-04-28 06:51:43] [INFO] [app.database.models] Making Google Places API call for: Shibuya Scramble Crossing
[2025-04-28 06:51:43] [INFO] [app.services.google_places_service] Searching Google Places API for: Shibuya Scramble Crossing
[2025-04-28 06:51:43] [INFO] [app.services.google_places_service] Category: Famous landmark
[2025-04-28 06:51:43] [INFO] [app.services.google_places_service] Search vicinity: Tokyo
[2025-04-28 06:51:43] [INFO] [app.services.google_places_service] Destination country: Japan
[2025-04-28 06:51:43] [INFO] [app.services.google_places_service] Making FindPlace API request for: Shibuya Scramble Crossing
[2025-04-28 06:51:44] [INFO] [app.services.google_places_service] FindPlace API response status: OK
[2025-04-28 06:51:44] [INFO] [app.services.google_places_service] Found place_id for Shibuya Scramble Crossing: ChIJK9EM68qLGGARacmu4KJj5SA
[2025-04-28 06:51:44] [INFO] [app.services.google_places_service] Making PlaceDetails API request for place_id: ChIJK9EM68qLGGARacmu4KJj5SA
[2025-04-28 06:51:44] [INFO] [app.services.google_places_service] PlaceDetails API response status: OK
[2025-04-28 06:51:44] [INFO] [app.services.google_places_service] Successfully retrieved details for place: Shibuya Scramble Crossing
[2025-04-28 06:51:44] [INFO] [app.database.models] Google Places API returned data for place: Shibuya Scramble Crossing
[2025-04-28 06:51:44] [INFO] [app.database.models] Found place_id from Google: ChIJK9EM68qLGGARacmu4KJj5SA
[2025-04-28 06:51:44] [INFO] [app.database.models] Creating new activity for: Shibuya Scramble Crossing
[2025-04-28 06:51:44] [INFO] [app.database.models] Adding Google Places data to new activity
[2025-04-28 06:51:44] [INFO] [app.database.models] Found city from Google: Shibuya
[2025-04-28 06:51:44] [INFO] [app.database.models] Found country from Google: Japan
[2025-04-28 06:51:44] [INFO] [app.database.models] Created new activity: Shibuya Scramble Crossing (ID: 32)
[2025-04-28 06:51:44] [INFO] [app.database.models] Activity.get_or_create called for: Tsukiji Market
[2025-04-28 06:51:44] [INFO] [app.database.models] Category: Market
[2025-04-28 06:51:44] [INFO] [app.database.models] With search_vicinity: Tokyo
[2025-04-28 06:51:44] [INFO] [app.database.models] With destination_country: Japan
[2025-04-28 06:51:44] [INFO] [app.database.models] Making Google Places API call for: Tsukiji Market
[2025-04-28 06:51:44] [INFO] [app.services.google_places_service] Searching Google Places API for: Tsukiji Market
[2025-04-28 06:51:44] [INFO] [app.services.google_places_service] Category: Market
[2025-04-28 06:51:44] [INFO] [app.services.google_places_service] Search vicinity: Tokyo
[2025-04-28 06:51:44] [INFO] [app.services.google_places_service] Destination country: Japan
[2025-04-28 06:51:44] [INFO] [app.services.google_places_service] Making FindPlace API request for: Tsukiji Market
[2025-04-28 06:51:45] [INFO] [app.services.google_places_service] FindPlace API response status: OK
[2025-04-28 06:51:45] [INFO] [app.services.google_places_service] Found place_id for Tsukiji Market: ChIJW2cLzSGLGGARXAKXv6EkbqI
[2025-04-28 06:51:45] [INFO] [app.services.google_places_service] Making PlaceDetails API request for place_id: ChIJW2cLzSGLGGARXAKXv6EkbqI
[2025-04-28 06:51:45] [INFO] [app.services.google_places_service] PlaceDetails API response status: OK
[2025-04-28 06:51:45] [INFO] [app.services.google_places_service] Successfully retrieved details for place: Tsukiji Outer Market
[2025-04-28 06:51:45] [INFO] [app.database.models] Google Places API returned data for place: Tsukiji Outer Market
[2025-04-28 06:51:45] [INFO] [app.database.models] Found place_id from Google: ChIJW2cLzSGLGGARXAKXv6EkbqI
[2025-04-28 06:51:45] [INFO] [app.database.models] Creating new activity for: Tsukiji Market
[2025-04-28 06:51:45] [INFO] [app.database.models] Adding Google Places data to new activity
[2025-04-28 06:51:45] [INFO] [app.database.models] Found city from Google: Chuo City
[2025-04-28 06:51:45] [INFO] [app.database.models] Found country from Google: Japan
[2025-04-28 06:51:45] [INFO] [app.database.models] Created new activity: Tsukiji Market (ID: 33)
[2025-04-28 06:51:45] [INFO] [app.database.models] Activity.get_or_create called for: Nakameguro
[2025-04-28 06:51:45] [INFO] [app.database.models] Category: Neighborhood
[2025-04-28 06:51:45] [INFO] [app.database.models] With search_vicinity: Tokyo
[2025-04-28 06:51:45] [INFO] [app.database.models] With destination_country: Japan
[2025-04-28 06:51:45] [INFO] [app.database.models] Making Google Places API call for: Nakameguro
[2025-04-28 06:51:45] [INFO] [app.services.google_places_service] Searching Google Places API for: Nakameguro
[2025-04-28 06:51:45] [INFO] [app.services.google_places_service] Category: Neighborhood
[2025-04-28 06:51:45] [INFO] [app.services.google_places_service] Search vicinity: Tokyo
[2025-04-28 06:51:45] [INFO] [app.services.google_places_service] Destination country: Japan
[2025-04-28 06:51:45] [INFO] [app.services.google_places_service] Making FindPlace API request for: Nakameguro
[2025-04-28 06:51:46] [INFO] [app.services.google_places_service] FindPlace API response status: OK
[2025-04-28 06:51:46] [INFO] [app.services.google_places_service] Found place_id for Nakameguro: ChIJAas2LziLGGAROimsxcM_Rqo
[2025-04-28 06:51:46] [INFO] [app.services.google_places_service] Making PlaceDetails API request for place_id: ChIJAas2LziLGGAROimsxcM_Rqo
[2025-04-28 06:51:46] [INFO] [app.services.google_places_service] PlaceDetails API response status: OK
[2025-04-28 06:51:46] [INFO] [app.services.google_places_service] Successfully retrieved details for place: Nakameguro
[2025-04-28 06:51:46] [INFO] [app.database.models] Google Places API returned data for place: Nakameguro
[2025-04-28 06:51:46] [INFO] [app.database.models] Found place_id from Google: ChIJAas2LziLGGAROimsxcM_Rqo
[2025-04-28 06:51:46] [INFO] [app.database.models] Creating new activity for: Nakameguro
[2025-04-28 06:51:46] [INFO] [app.database.models] Adding Google Places data to new activity
[2025-04-28 06:51:46] [INFO] [app.database.models] Found city from Google: Meguro City
[2025-04-28 06:51:46] [INFO] [app.database.models] Found country from Google: Japan
[2025-04-28 06:51:46] [INFO] [app.database.models] Created new activity: Nakameguro (ID: 34)
[2025-04-28 06:51:46] [INFO] [app.database.models] Activity.get_or_create called for: Nakameguro
[2025-04-28 06:51:46] [INFO] [app.database.models] Category: Neighborhood
[2025-04-28 06:51:46] [INFO] [app.database.models] With search_vicinity: Tokyo
[2025-04-28 06:51:46] [INFO] [app.database.models] With destination_country: Japan
[2025-04-28 06:51:46] [INFO] [app.database.models] Making Google Places API call for: Nakameguro
[2025-04-28 06:51:46] [INFO] [app.services.google_places_service] Searching Google Places API for: Nakameguro
[2025-04-28 06:51:46] [INFO] [app.services.google_places_service] Category: Neighborhood
[2025-04-28 06:51:46] [INFO] [app.services.google_places_service] Search vicinity: Tokyo
[2025-04-28 06:51:46] [INFO] [app.services.google_places_service] Destination country: Japan
[2025-04-28 06:51:46] [INFO] [app.services.google_places_service] Making FindPlace API request for: Nakameguro
[2025-04-28 06:51:47] [INFO] [app.services.google_places_service] FindPlace API response status: OK
[2025-04-28 06:51:47] [INFO] [app.services.google_places_service] Found place_id for Nakameguro: ChIJAas2LziLGGAROimsxcM_Rqo
[2025-04-28 06:51:47] [INFO] [app.services.google_places_service] Making PlaceDetails API request for place_id: ChIJAas2LziLGGAROimsxcM_Rqo
[2025-04-28 06:51:47] [INFO] [app.services.google_places_service] PlaceDetails API response status: OK
[2025-04-28 06:51:47] [INFO] [app.services.google_places_service] Successfully retrieved details for place: Nakameguro
[2025-04-28 06:51:47] [INFO] [app.database.models] Google Places API returned data for place: Nakameguro
[2025-04-28 06:51:47] [INFO] [app.database.models] Found place_id from Google: ChIJAas2LziLGGAROimsxcM_Rqo
[2025-04-28 06:51:47] [INFO] [app.database.models] Found existing activity with this place_id: Nakameguro
[2025-04-28 08:16:38] [INFO] [app.database.models] Activity.get_or_create called for: Victoria Peak
[2025-04-28 08:16:38] [INFO] [app.database.models] Category: Scenic viewpoint
[2025-04-28 08:16:38] [INFO] [app.database.models] With search_vicinity: Victoria Peak
[2025-04-28 08:16:38] [INFO] [app.database.models] With destination_country: Hong Kong
[2025-04-28 08:16:38] [INFO] [app.database.models] Making Google Places API call for: Victoria Peak
[2025-04-28 08:16:38] [INFO] [app.services.google_places_service] Searching Google Places API for: Victoria Peak
[2025-04-28 08:16:38] [INFO] [app.services.google_places_service] Category: Scenic viewpoint
[2025-04-28 08:16:38] [INFO] [app.services.google_places_service] Search vicinity: Victoria Peak
[2025-04-28 08:16:38] [INFO] [app.services.google_places_service] Destination country: Hong Kong
[2025-04-28 08:16:38] [INFO] [app.services.google_places_service] Making FindPlace API request for: Victoria Peak
[2025-04-28 08:16:39] [INFO] [app.services.google_places_service] FindPlace API response status: OK
[2025-04-28 08:16:39] [INFO] [app.services.google_places_service] Found place_id for Victoria Peak: ChIJsd2-34n_AzQROJPZYjyLMS4
[2025-04-28 08:16:39] [INFO] [app.services.google_places_service] Making PlaceDetails API request for place_id: ChIJsd2-34n_AzQROJPZYjyLMS4
[2025-04-28 08:16:40] [INFO] [app.services.google_places_service] PlaceDetails API response status: OK
[2025-04-28 08:16:40] [INFO] [app.services.google_places_service] Successfully retrieved details for place: Victoria Peak
[2025-04-28 08:16:40] [INFO] [app.database.models] Google Places API returned data for place: Victoria Peak
[2025-04-28 08:16:40] [INFO] [app.database.models] Found place_id from Google: ChIJsd2-34n_AzQROJPZYjyLMS4
[2025-04-28 08:16:40] [INFO] [app.database.models] Creating new activity for: Victoria Peak
[2025-04-28 08:16:40] [INFO] [app.database.models] Adding Google Places data to new activity
[2025-04-28 08:16:40] [INFO] [app.database.models] Found country from Google: Hong Kong
[2025-04-28 08:16:40] [INFO] [app.database.models] Created new activity: Victoria Peak (ID: 36)
[2025-04-28 08:16:40] [INFO] [app.database.models] Activity.get_or_create called for: Causeway Bay
[2025-04-28 08:16:40] [INFO] [app.database.models] Category: Shopping and entertainment district
[2025-04-28 08:16:40] [INFO] [app.database.models] With search_vicinity: Victoria Peak
[2025-04-28 08:16:40] [INFO] [app.database.models] With destination_country: Hong Kong
[2025-04-28 08:16:40] [INFO] [app.database.models] Making Google Places API call for: Causeway Bay
[2025-04-28 08:16:40] [INFO] [app.services.google_places_service] Searching Google Places API for: Causeway Bay
[2025-04-28 08:16:40] [INFO] [app.services.google_places_service] Category: Shopping and entertainment district
[2025-04-28 08:16:40] [INFO] [app.services.google_places_service] Search vicinity: Victoria Peak
[2025-04-28 08:16:40] [INFO] [app.services.google_places_service] Destination country: Hong Kong
[2025-04-28 08:16:40] [INFO] [app.services.google_places_service] Making FindPlace API request for: Causeway Bay
[2025-04-28 08:16:40] [INFO] [app.services.google_places_service] FindPlace API response status: OK
[2025-04-28 08:16:40] [INFO] [app.services.google_places_service] Found place_id for Causeway Bay: ChIJf6xts1UABDQRagwS57GoPwI
[2025-04-28 08:16:40] [INFO] [app.services.google_places_service] Making PlaceDetails API request for place_id: ChIJf6xts1UABDQRagwS57GoPwI
[2025-04-28 08:16:41] [INFO] [app.services.google_places_service] PlaceDetails API response status: OK
[2025-04-28 08:16:41] [INFO] [app.services.google_places_service] Successfully retrieved details for place: Causeway Bay
[2025-04-28 08:16:41] [INFO] [app.database.models] Google Places API returned data for place: Causeway Bay
[2025-04-28 08:16:41] [INFO] [app.database.models] Found place_id from Google: ChIJf6xts1UABDQRagwS57GoPwI
[2025-04-28 08:16:41] [INFO] [app.database.models] Creating new activity for: Causeway Bay
[2025-04-28 08:16:41] [INFO] [app.database.models] Adding Google Places data to new activity
[2025-04-28 08:16:41] [INFO] [app.database.models] Found country from Google: Hong Kong
[2025-04-28 08:16:41] [INFO] [app.database.models] Created new activity: Causeway Bay (ID: 37)
[2025-04-28 08:16:41] [INFO] [app.database.models] Activity.get_or_create called for: Hui Lau San
[2025-04-28 08:16:41] [INFO] [app.database.models] Category: Dessert place
[2025-04-28 08:16:41] [INFO] [app.database.models] With search_vicinity: Victoria Peak
[2025-04-28 08:16:41] [INFO] [app.database.models] With destination_country: Hong Kong
[2025-04-28 08:16:41] [INFO] [app.database.models] Making Google Places API call for: Hui Lau San
[2025-04-28 08:16:41] [INFO] [app.services.google_places_service] Searching Google Places API for: Hui Lau San
[2025-04-28 08:16:41] [INFO] [app.services.google_places_service] Category: Dessert place
[2025-04-28 08:16:41] [INFO] [app.services.google_places_service] Search vicinity: Victoria Peak
[2025-04-28 08:16:41] [INFO] [app.services.google_places_service] Destination country: Hong Kong
[2025-04-28 08:16:41] [INFO] [app.services.google_places_service] Making FindPlace API request for: Hui Lau San
[2025-04-28 08:16:41] [INFO] [app.services.google_places_service] FindPlace API response status: OK
[2025-04-28 08:16:41] [INFO] [app.services.google_places_service] Found place_id for Hui Lau San: ChIJQ4Y8OZ_d3IARkQe4ulNAmdM
[2025-04-28 08:16:41] [INFO] [app.services.google_places_service] Making PlaceDetails API request for place_id: ChIJQ4Y8OZ_d3IARkQe4ulNAmdM
[2025-04-28 08:16:41] [INFO] [app.services.google_places_service] PlaceDetails API response status: OK
[2025-04-28 08:16:41] [INFO] [app.services.google_places_service] Successfully retrieved details for place: Hui Lau Shan
[2025-04-28 08:16:41] [INFO] [app.database.models] Google Places API returned data for place: Hui Lau Shan
[2025-04-28 08:16:41] [INFO] [app.database.models] Found place_id from Google: ChIJQ4Y8OZ_d3IARkQe4ulNAmdM
[2025-04-28 08:16:41] [INFO] [app.database.models] Creating new activity for: Hui Lau San
[2025-04-28 08:16:41] [INFO] [app.database.models] Adding Google Places data to new activity
[2025-04-28 08:16:41] [INFO] [app.database.models] Found city from Google: Irvine
[2025-04-28 08:16:41] [INFO] [app.database.models] Found country from Google: United States
[2025-04-28 08:16:41] [INFO] [app.database.models] Created new activity: Hui Lau San (ID: 38)
[2025-04-28 08:16:41] [INFO] [app.database.models] Activity.get_or_create called for: Tim Ho Wan
[2025-04-28 08:16:41] [INFO] [app.database.models] Category: Restaurant
[2025-04-28 08:16:41] [INFO] [app.database.models] With search_vicinity: Victoria Peak
[2025-04-28 08:16:41] [INFO] [app.database.models] With destination_country: Hong Kong
[2025-04-28 08:16:41] [INFO] [app.database.models] Making Google Places API call for: Tim Ho Wan
[2025-04-28 08:16:41] [INFO] [app.services.google_places_service] Searching Google Places API for: Tim Ho Wan
[2025-04-28 08:16:41] [INFO] [app.services.google_places_service] Category: Restaurant
[2025-04-28 08:16:41] [INFO] [app.services.google_places_service] Search vicinity: Victoria Peak
[2025-04-28 08:16:41] [INFO] [app.services.google_places_service] Destination country: Hong Kong
[2025-04-28 08:16:41] [INFO] [app.services.google_places_service] Making FindPlace API request for: Tim Ho Wan
[2025-04-28 08:16:42] [INFO] [app.services.google_places_service] FindPlace API response status: OK
[2025-04-28 08:16:42] [INFO] [app.services.google_places_service] Found place_id for Tim Ho Wan: ChIJnS1fXmDf3IARij7yfqU1gGE
[2025-04-28 08:16:42] [INFO] [app.services.google_places_service] Making PlaceDetails API request for place_id: ChIJnS1fXmDf3IARij7yfqU1gGE
[2025-04-28 08:16:43] [INFO] [app.services.google_places_service] PlaceDetails API response status: OK
[2025-04-28 08:16:43] [INFO] [app.services.google_places_service] Successfully retrieved details for place: Tim Ho Wan
[2025-04-28 08:16:43] [INFO] [app.database.models] Google Places API returned data for place: Tim Ho Wan
[2025-04-28 08:16:43] [INFO] [app.database.models] Found place_id from Google: ChIJnS1fXmDf3IARij7yfqU1gGE
[2025-04-28 08:16:43] [INFO] [app.database.models] Creating new activity for: Tim Ho Wan
[2025-04-28 08:16:43] [INFO] [app.database.models] Adding Google Places data to new activity
[2025-04-28 08:16:43] [INFO] [app.database.models] Found city from Google: Irvine
[2025-04-28 08:16:43] [INFO] [app.database.models] Found country from Google: United States
[2025-04-28 08:16:43] [INFO] [app.database.models] Created new activity: Tim Ho Wan (ID: 39)
[2025-04-28 10:57:38] [INFO] [app.database.models] Activity.get_or_create called for: Wrigley Field
[2025-04-28 10:57:38] [INFO] [app.database.models] Category: Sports Stadium
[2025-04-28 10:57:38] [INFO] [app.database.models] With search_vicinity: Chicago
[2025-04-28 10:57:38] [INFO] [app.database.models] With destination_country: United States
[2025-04-28 10:57:38] [INFO] [app.database.models] Making Google Places API call for: Wrigley Field
[2025-04-28 10:57:38] [INFO] [app.services.google_places_service] Searching Google Places API for: Wrigley Field
[2025-04-28 10:57:38] [INFO] [app.services.google_places_service] Category: Sports Stadium
[2025-04-28 10:57:38] [INFO] [app.services.google_places_service] Search vicinity: Chicago
[2025-04-28 10:57:38] [INFO] [app.services.google_places_service] Destination country: United States
[2025-04-28 10:57:38] [INFO] [app.services.google_places_service] Making FindPlace API request for: Wrigley Field
[2025-04-28 10:57:39] [INFO] [app.services.google_places_service] FindPlace API response status: OK
[2025-04-28 10:57:39] [INFO] [app.services.google_places_service] Found place_id for Wrigley Field: ChIJId-a5bLTD4gRRtbdduE-6hw
[2025-04-28 10:57:39] [INFO] [app.services.google_places_service] Making PlaceDetails API request for place_id: ChIJId-a5bLTD4gRRtbdduE-6hw
[2025-04-28 10:57:39] [INFO] [app.services.google_places_service] PlaceDetails API response status: OK
[2025-04-28 10:57:39] [INFO] [app.services.google_places_service] Successfully retrieved details for place: Wrigley Field
[2025-04-28 10:57:39] [INFO] [app.database.models] Google Places API returned data for place: Wrigley Field
[2025-04-28 10:57:39] [INFO] [app.database.models] Found place_id from Google: ChIJId-a5bLTD4gRRtbdduE-6hw
[2025-04-28 10:57:39] [INFO] [app.database.models] Creating new activity for: Wrigley Field
[2025-04-28 10:57:39] [INFO] [app.database.models] Adding Google Places data to new activity
[2025-04-28 10:57:39] [INFO] [app.database.models] Found city from Google: Chicago
[2025-04-28 10:57:39] [INFO] [app.database.models] Found country from Google: United States
[2025-04-28 10:57:39] [INFO] [app.database.models] Created new activity: Wrigley Field (ID: 40)
[2025-04-28 10:57:39] [INFO] [app.database.models] Activity.get_or_create called for: Weiner Circle
[2025-04-28 10:57:39] [INFO] [app.database.models] Category: Restaurant
[2025-04-28 10:57:39] [INFO] [app.database.models] With search_vicinity: Chicago
[2025-04-28 10:57:39] [INFO] [app.database.models] With destination_country: United States
[2025-04-28 10:57:39] [INFO] [app.database.models] Making Google Places API call for: Weiner Circle
[2025-04-28 10:57:39] [INFO] [app.services.google_places_service] Searching Google Places API for: Weiner Circle
[2025-04-28 10:57:39] [INFO] [app.services.google_places_service] Category: Restaurant
[2025-04-28 10:57:39] [INFO] [app.services.google_places_service] Search vicinity: Chicago
[2025-04-28 10:57:39] [INFO] [app.services.google_places_service] Destination country: United States
[2025-04-28 10:57:39] [INFO] [app.services.google_places_service] Making FindPlace API request for: Weiner Circle
[2025-04-28 10:57:39] [INFO] [app.services.google_places_service] FindPlace API response status: OK
[2025-04-28 10:57:39] [INFO] [app.services.google_places_service] Found place_id for Weiner Circle: ChIJV9Z_rQ7TD4gREjGVxVAW8uE
[2025-04-28 10:57:39] [INFO] [app.services.google_places_service] Making PlaceDetails API request for place_id: ChIJV9Z_rQ7TD4gREjGVxVAW8uE
[2025-04-28 10:57:40] [INFO] [app.services.google_places_service] PlaceDetails API response status: OK
[2025-04-28 10:57:40] [INFO] [app.services.google_places_service] Successfully retrieved details for place: The Wiener's Circle
[2025-04-28 10:57:40] [INFO] [app.database.models] Google Places API returned data for place: The Wiener's Circle
[2025-04-28 10:57:40] [INFO] [app.database.models] Found place_id from Google: ChIJV9Z_rQ7TD4gREjGVxVAW8uE
[2025-04-28 10:57:40] [INFO] [app.database.models] Creating new activity for: Weiner Circle
[2025-04-28 10:57:40] [INFO] [app.database.models] Adding Google Places data to new activity
[2025-04-28 10:57:40] [INFO] [app.database.models] Found city from Google: Chicago
[2025-04-28 10:57:40] [INFO] [app.database.models] Found country from Google: United States
[2025-04-28 10:57:40] [INFO] [app.database.models] Created new activity: Weiner Circle (ID: 41)
[2025-04-28 10:57:40] [INFO] [app.database.models] Activity.get_or_create called for: Good Ambler
[2025-04-28 10:57:40] [INFO] [app.database.models] Category: Coffee Shop
[2025-04-28 10:57:40] [INFO] [app.database.models] With search_vicinity: Chicago
[2025-04-28 10:57:40] [INFO] [app.database.models] With destination_country: United States
[2025-04-28 10:57:40] [INFO] [app.database.models] Making Google Places API call for: Good Ambler
[2025-04-28 10:57:40] [INFO] [app.services.google_places_service] Searching Google Places API for: Good Ambler
[2025-04-28 10:57:40] [INFO] [app.services.google_places_service] Category: Coffee Shop
[2025-04-28 10:57:40] [INFO] [app.services.google_places_service] Search vicinity: Chicago
[2025-04-28 10:57:40] [INFO] [app.services.google_places_service] Destination country: United States
[2025-04-28 10:57:40] [INFO] [app.services.google_places_service] Making FindPlace API request for: Good Ambler
[2025-04-28 10:57:40] [INFO] [app.services.google_places_service] FindPlace API response status: OK
[2025-04-28 10:57:40] [INFO] [app.services.google_places_service] Found place_id for Good Ambler: ChIJDfFD0NItDogRWomokc_00D8
[2025-04-28 10:57:40] [INFO] [app.services.google_places_service] Making PlaceDetails API request for place_id: ChIJDfFD0NItDogRWomokc_00D8
[2025-04-28 10:57:40] [INFO] [app.services.google_places_service] PlaceDetails API response status: OK
[2025-04-28 10:57:40] [INFO] [app.services.google_places_service] Successfully retrieved details for place: Good Ambler
[2025-04-28 10:57:40] [INFO] [app.database.models] Google Places API returned data for place: Good Ambler
[2025-04-28 10:57:40] [INFO] [app.database.models] Found place_id from Google: ChIJDfFD0NItDogRWomokc_00D8
[2025-04-28 10:57:40] [INFO] [app.database.models] Creating new activity for: Good Ambler
[2025-04-28 10:57:40] [INFO] [app.database.models] Adding Google Places data to new activity
[2025-04-28 10:57:40] [INFO] [app.database.models] Found city from Google: Chicago
[2025-04-28 10:57:40] [INFO] [app.database.models] Found country from Google: United States
[2025-04-28 10:57:40] [INFO] [app.database.models] Created new activity: Good Ambler (ID: 42)
[2025-04-28 10:57:40] [INFO] [app.database.models] Activity.get_or_create called for: Chicago River Architecture Tour
[2025-04-28 10:57:40] [INFO] [app.database.models] Category: Tour
[2025-04-28 10:57:40] [INFO] [app.database.models] With search_vicinity: Chicago
[2025-04-28 10:57:40] [INFO] [app.database.models] With destination_country: United States
[2025-04-28 10:57:40] [INFO] [app.database.models] Making Google Places API call for: Chicago River Architecture Tour
[2025-04-28 10:57:40] [INFO] [app.services.google_places_service] Searching Google Places API for: Chicago River Architecture Tour
[2025-04-28 10:57:40] [INFO] [app.services.google_places_service] Category: Tour
[2025-04-28 10:57:40] [INFO] [app.services.google_places_service] Search vicinity: Chicago
[2025-04-28 10:57:40] [INFO] [app.services.google_places_service] Destination country: United States
[2025-04-28 10:57:40] [INFO] [app.services.google_places_service] Making FindPlace API request for: Chicago River Architecture Tour
[2025-04-28 10:57:41] [INFO] [app.services.google_places_service] FindPlace API response status: OK
[2025-04-28 10:57:41] [INFO] [app.services.google_places_service] Found place_id for Chicago River Architecture Tour: ChIJbz_TYaorDogRgAG-I7FKEM0
[2025-04-28 10:57:41] [INFO] [app.services.google_places_service] Making PlaceDetails API request for place_id: ChIJbz_TYaorDogRgAG-I7FKEM0
[2025-04-28 10:57:41] [INFO] [app.services.google_places_service] PlaceDetails API response status: OK
[2025-04-28 10:57:41] [INFO] [app.services.google_places_service] Successfully retrieved details for place: Chicago River Boat Architecture Tours
[2025-04-28 10:57:41] [INFO] [app.database.models] Google Places API returned data for place: Chicago River Boat Architecture Tours
[2025-04-28 10:57:41] [INFO] [app.database.models] Found place_id from Google: ChIJbz_TYaorDogRgAG-I7FKEM0
[2025-04-28 10:57:41] [INFO] [app.database.models] Creating new activity for: Chicago River Architecture Tour
[2025-04-28 10:57:41] [INFO] [app.database.models] Adding Google Places data to new activity
[2025-04-28 10:57:41] [INFO] [app.database.models] Found city from Google: Chicago
[2025-04-28 10:57:41] [INFO] [app.database.models] Found country from Google: United States
[2025-04-28 10:57:41] [INFO] [app.database.models] Created new activity: Chicago River Architecture Tour (ID: 43)
[2025-04-30 19:29:12] [INFO] [app.database.models] Activity.get_or_create called for: Parque Lleras
[2025-04-30 19:29:12] [INFO] [app.database.models] Category: Park
[2025-04-30 19:29:12] [INFO] [app.database.models] With search_vicinity: Medellín
[2025-04-30 19:29:12] [INFO] [app.database.models] With destination_country: Colombia
[2025-04-30 19:29:12] [INFO] [app.database.models] Making Google Places API call for: Parque Lleras
[2025-04-30 19:29:12] [INFO] [app.services.google_places_service] Searching Google Places API for: Parque Lleras
[2025-04-30 19:29:12] [INFO] [app.services.google_places_service] Category: Park
[2025-04-30 19:29:12] [INFO] [app.services.google_places_service] Search vicinity: Medellín
[2025-04-30 19:29:12] [INFO] [app.services.google_places_service] Destination country: Colombia
[2025-04-30 19:29:12] [INFO] [app.services.google_places_service] Making FindPlace API request for: Parque Lleras
[2025-04-30 19:29:15] [INFO] [app.services.google_places_service] FindPlace API response status: OK
[2025-04-30 19:29:15] [INFO] [app.services.google_places_service] Found place_id for Parque Lleras: ChIJzcYf6yAoRI4RoLXwyLeIrk8
[2025-04-30 19:29:15] [INFO] [app.services.google_places_service] Making PlaceDetails API request for place_id: ChIJzcYf6yAoRI4RoLXwyLeIrk8
[2025-04-30 19:29:17] [INFO] [app.services.google_places_service] PlaceDetails API response status: OK
[2025-04-30 19:29:17] [INFO] [app.services.google_places_service] Successfully retrieved details for place: Lleras Park
[2025-04-30 19:29:17] [INFO] [app.database.models] Google Places API returned data for place: Lleras Park
[2025-04-30 19:29:17] [INFO] [app.database.models] Found place_id from Google: ChIJzcYf6yAoRI4RoLXwyLeIrk8
[2025-04-30 19:29:17] [INFO] [app.database.models] Creating new activity for: Parque Lleras
[2025-04-30 19:29:17] [INFO] [app.database.models] Adding Google Places data to new activity
[2025-04-30 19:29:17] [INFO] [app.database.models] Found city from Google: Medellín
[2025-04-30 19:29:17] [INFO] [app.database.models] Found country from Google: Colombia
[2025-04-30 19:29:17] [INFO] [app.database.models] Created new activity: Parque Lleras (ID: 49)
[2025-04-30 19:29:17] [INFO] [app.database.models] Activity.get_or_create called for: Envigado
[2025-04-30 19:29:17] [INFO] [app.database.models] Category: City/Town
[2025-04-30 19:29:17] [INFO] [app.database.models] With search_vicinity: Medellín
[2025-04-30 19:29:17] [INFO] [app.database.models] With destination_country: Colombia
[2025-04-30 19:29:17] [INFO] [app.database.models] Making Google Places API call for: Envigado
[2025-04-30 19:29:17] [INFO] [app.services.google_places_service] Searching Google Places API for: Envigado
[2025-04-30 19:29:17] [INFO] [app.services.google_places_service] Category: City/Town
[2025-04-30 19:29:17] [INFO] [app.services.google_places_service] Search vicinity: Medellín
[2025-04-30 19:29:17] [INFO] [app.services.google_places_service] Destination country: Colombia
[2025-04-30 19:29:17] [INFO] [app.services.google_places_service] Making FindPlace API request for: Envigado
[2025-04-30 19:29:20] [INFO] [app.services.google_places_service] FindPlace API response status: OK
[2025-04-30 19:29:20] [INFO] [app.services.google_places_service] Found place_id for Envigado: ChIJYa6GO0mCRo4RtAqEiD4bOg4
[2025-04-30 19:29:20] [INFO] [app.services.google_places_service] Making PlaceDetails API request for place_id: ChIJYa6GO0mCRo4RtAqEiD4bOg4
[2025-04-30 19:29:23] [INFO] [app.services.google_places_service] PlaceDetails API response status: OK
[2025-04-30 19:29:23] [INFO] [app.services.google_places_service] Successfully retrieved details for place: Envigado
[2025-04-30 19:29:23] [INFO] [app.database.models] Google Places API returned data for place: Envigado
[2025-04-30 19:29:23] [INFO] [app.database.models] Found place_id from Google: ChIJYa6GO0mCRo4RtAqEiD4bOg4
[2025-04-30 19:29:23] [INFO] [app.database.models] Creating new activity for: Envigado
[2025-04-30 19:29:23] [INFO] [app.database.models] Adding Google Places data to new activity
[2025-04-30 19:29:23] [INFO] [app.database.models] Found city from Google: Envigado
[2025-04-30 19:29:23] [INFO] [app.database.models] Found country from Google: Colombia
[2025-04-30 19:29:23] [INFO] [app.database.models] Created new activity: Envigado (ID: 50)
[2025-04-30 19:29:23] [INFO] [app.database.models] Activity.get_or_create called for: San Felix
[2025-04-30 19:29:23] [INFO] [app.database.models] Category: Paragliding Spot
[2025-04-30 19:29:23] [INFO] [app.database.models] With search_vicinity: Medellín
[2025-04-30 19:29:23] [INFO] [app.database.models] With destination_country: Colombia
[2025-04-30 19:29:23] [INFO] [app.database.models] Making Google Places API call for: San Felix
[2025-04-30 19:29:23] [INFO] [app.services.google_places_service] Searching Google Places API for: San Felix
[2025-04-30 19:29:23] [INFO] [app.services.google_places_service] Category: Paragliding Spot
[2025-04-30 19:29:23] [INFO] [app.services.google_places_service] Search vicinity: Medellín
[2025-04-30 19:29:23] [INFO] [app.services.google_places_service] Destination country: Colombia
[2025-04-30 19:29:23] [INFO] [app.services.google_places_service] Making FindPlace API request for: San Felix
[2025-04-30 19:29:25] [INFO] [app.services.google_places_service] FindPlace API response status: OK
[2025-04-30 19:29:25] [INFO] [app.services.google_places_service] Found place_id for San Felix: ChIJz9MngAjwy40RAizwOFKUyU8
[2025-04-30 19:29:25] [INFO] [app.services.google_places_service] Making PlaceDetails API request for place_id: ChIJz9MngAjwy40RAizwOFKUyU8
[2025-04-30 19:29:28] [INFO] [app.services.google_places_service] PlaceDetails API response status: OK
[2025-04-30 19:29:28] [INFO] [app.services.google_places_service] Successfully retrieved details for place: San Felix
[2025-04-30 19:29:28] [INFO] [app.database.models] Google Places API returned data for place: San Felix
[2025-04-30 19:29:28] [INFO] [app.database.models] Found place_id from Google: ChIJz9MngAjwy40RAizwOFKUyU8
[2025-04-30 19:29:28] [INFO] [app.database.models] Creating new activity for: San Felix
[2025-04-30 19:29:28] [INFO] [app.database.models] Adding Google Places data to new activity
[2025-04-30 19:29:28] [INFO] [app.database.models] Found city from Google: Guayana City
[2025-04-30 19:29:28] [INFO] [app.database.models] Found country from Google: Venezuela
[2025-04-30 19:29:28] [INFO] [app.database.models] Created new activity: San Felix (ID: 51)
[2025-04-30 19:29:28] [INFO] [app.database.models] Activity.get_or_create called for: Tesoro Mall
[2025-04-30 19:29:28] [INFO] [app.database.models] Category: Shopping Mall
[2025-04-30 19:29:28] [INFO] [app.database.models] With search_vicinity: Medellín
[2025-04-30 19:29:28] [INFO] [app.database.models] With destination_country: Colombia
[2025-04-30 19:29:28] [INFO] [app.database.models] Making Google Places API call for: Tesoro Mall
[2025-04-30 19:29:28] [INFO] [app.services.google_places_service] Searching Google Places API for: Tesoro Mall
[2025-04-30 19:29:28] [INFO] [app.services.google_places_service] Category: Shopping Mall
[2025-04-30 19:29:28] [INFO] [app.services.google_places_service] Search vicinity: Medellín
[2025-04-30 19:29:28] [INFO] [app.services.google_places_service] Destination country: Colombia
[2025-04-30 19:29:28] [INFO] [app.services.google_places_service] Making FindPlace API request for: Tesoro Mall
[2025-04-30 19:29:31] [INFO] [app.services.google_places_service] FindPlace API response status: OK
[2025-04-30 19:29:31] [INFO] [app.services.google_places_service] Found place_id for Tesoro Mall: ChIJq9GlZZqCRo4R8x8iH1Fjtaw
[2025-04-30 19:29:31] [INFO] [app.services.google_places_service] Making PlaceDetails API request for place_id: ChIJq9GlZZqCRo4R8x8iH1Fjtaw
[2025-04-30 19:29:34] [INFO] [app.services.google_places_service] PlaceDetails API response status: OK
[2025-04-30 19:29:34] [INFO] [app.services.google_places_service] Successfully retrieved details for place: El Tesoro Parque Comercial
[2025-04-30 19:29:34] [INFO] [app.database.models] Google Places API returned data for place: El Tesoro Parque Comercial
[2025-04-30 19:29:34] [INFO] [app.database.models] Found place_id from Google: ChIJq9GlZZqCRo4R8x8iH1Fjtaw
[2025-04-30 19:29:34] [INFO] [app.database.models] Creating new activity for: Tesoro Mall
[2025-04-30 19:29:34] [INFO] [app.database.models] Adding Google Places data to new activity
[2025-04-30 19:29:34] [INFO] [app.database.models] Found city from Google: Medellín
[2025-04-30 19:29:34] [INFO] [app.database.models] Found country from Google: Colombia
[2025-04-30 19:29:34] [INFO] [app.database.models] Created new activity: Tesoro Mall (ID: 52)
[2025-04-30 19:29:34] [INFO] [app.database.models] Activity.get_or_create called for: Carmen
[2025-04-30 19:29:34] [INFO] [app.database.models] Category: Restaurant
[2025-04-30 19:29:34] [INFO] [app.database.models] With search_vicinity: Medellín
[2025-04-30 19:29:34] [INFO] [app.database.models] With destination_country: Colombia
[2025-04-30 19:29:34] [INFO] [app.database.models] Making Google Places API call for: Carmen
[2025-04-30 19:29:34] [INFO] [app.services.google_places_service] Searching Google Places API for: Carmen
[2025-04-30 19:29:34] [INFO] [app.services.google_places_service] Category: Restaurant
[2025-04-30 19:29:34] [INFO] [app.services.google_places_service] Search vicinity: Medellín
[2025-04-30 19:29:34] [INFO] [app.services.google_places_service] Destination country: Colombia
[2025-04-30 19:29:34] [INFO] [app.services.google_places_service] Making FindPlace API request for: Carmen
[2025-04-30 19:29:37] [INFO] [app.services.google_places_service] FindPlace API response status: OK
[2025-04-30 19:29:37] [INFO] [app.services.google_places_service] Found place_id for Carmen: ChIJfXiYOFqXhYARQ5gkfknMR5o
[2025-04-30 19:29:37] [INFO] [app.services.google_places_service] Making PlaceDetails API request for place_id: ChIJfXiYOFqXhYARQ5gkfknMR5o
[2025-04-30 19:29:39] [INFO] [app.services.google_places_service] PlaceDetails API response status: OK
[2025-04-30 19:29:39] [INFO] [app.services.google_places_service] Successfully retrieved details for place: Carmen's La Hacienda Fairfax
[2025-04-30 19:29:39] [INFO] [app.database.models] Google Places API returned data for place: Carmen's La Hacienda Fairfax
[2025-04-30 19:29:39] [INFO] [app.database.models] Found place_id from Google: ChIJfXiYOFqXhYARQ5gkfknMR5o
[2025-04-30 19:29:39] [INFO] [app.database.models] Creating new activity for: Carmen
[2025-04-30 19:29:39] [INFO] [app.database.models] Adding Google Places data to new activity
[2025-04-30 19:29:39] [INFO] [app.database.models] Found city from Google: Fairfax
[2025-04-30 19:29:39] [INFO] [app.database.models] Found country from Google: United States
[2025-04-30 19:29:39] [INFO] [app.database.models] Created new activity: Carmen (ID: 53)
[2025-04-30 19:42:29] [INFO] [app.database.models] Activity.get_or_create called for: Parque Lleras
[2025-04-30 19:42:29] [INFO] [app.database.models] Category: Park
[2025-04-30 19:42:29] [INFO] [app.database.models] With search_vicinity: Medellín
[2025-04-30 19:42:29] [INFO] [app.database.models] With destination_country: Colombia
[2025-04-30 19:42:29] [INFO] [app.database.models] Found existing activity by name: Parque Lleras
[2025-04-30 19:42:29] [INFO] [app.database.models] Activity.get_or_create called for: Envigado
[2025-04-30 19:42:29] [INFO] [app.database.models] Category: City
[2025-04-30 19:42:29] [INFO] [app.database.models] With search_vicinity: Medellín
[2025-04-30 19:42:29] [INFO] [app.database.models] With destination_country: Colombia
[2025-04-30 19:42:29] [INFO] [app.database.models] Found existing activity by name: Envigado
[2025-04-30 19:42:29] [INFO] [app.database.models] Activity.get_or_create called for: Carmen
[2025-04-30 19:42:29] [INFO] [app.database.models] Category: Restaurant
[2025-04-30 19:42:29] [INFO] [app.database.models] With search_vicinity: Medellín
[2025-04-30 19:42:29] [INFO] [app.database.models] With destination_country: Colombia
[2025-04-30 19:42:29] [INFO] [app.database.models] Found existing activity by name: Carmen
[2025-04-30 22:39:45] [INFO] [app.database.models] Activity.get_or_create called for: Kumiko
[2025-04-30 22:39:45] [INFO] [app.database.models] Category: cocktail bar
[2025-04-30 22:39:45] [INFO] [app.database.models] With search_vicinity: Chicago
[2025-04-30 22:39:45] [INFO] [app.database.models] With destination_country: United States
[2025-04-30 22:39:45] [INFO] [app.database.models] Making Google Places API call for: Kumiko
[2025-04-30 22:39:45] [INFO] [app.services.google_places_service] Searching Google Places API for: Kumiko
[2025-04-30 22:39:45] [INFO] [app.services.google_places_service] Category: cocktail bar
[2025-04-30 22:39:45] [INFO] [app.services.google_places_service] Search vicinity: Chicago
[2025-04-30 22:39:45] [INFO] [app.services.google_places_service] Destination country: United States
[2025-04-30 22:39:45] [INFO] [app.services.google_places_service] Making FindPlace API request for: Kumiko
[2025-04-30 22:39:46] [INFO] [app.services.google_places_service] FindPlace API response status: OK
[2025-04-30 22:39:46] [INFO] [app.services.google_places_service] Found place_id for Kumiko: ChIJVVVFV88sDogRIs6NMpEi61s
[2025-04-30 22:39:46] [INFO] [app.services.google_places_service] Making PlaceDetails API request for place_id: ChIJVVVFV88sDogRIs6NMpEi61s
[2025-04-30 22:39:46] [INFO] [app.services.google_places_service] PlaceDetails API response status: OK
[2025-04-30 22:39:46] [INFO] [app.services.google_places_service] Successfully retrieved details for place: Kumiko
[2025-04-30 22:39:46] [INFO] [app.database.models] Google Places API returned data for place: Kumiko
[2025-04-30 22:39:46] [INFO] [app.database.models] Found place_id from Google: ChIJVVVFV88sDogRIs6NMpEi61s
[2025-04-30 22:39:46] [INFO] [app.database.models] Creating new activity for: Kumiko
[2025-04-30 22:39:46] [INFO] [app.database.models] Adding Google Places data to new activity
[2025-04-30 22:39:46] [INFO] [app.database.models] Found city from Google: Chicago
[2025-04-30 22:39:46] [INFO] [app.database.models] Found country from Google: United States
[2025-04-30 22:39:46] [INFO] [app.database.models] Created new activity: Kumiko (ID: 54)
[2025-04-30 22:39:46] [INFO] [app.database.models] Activity.get_or_create called for: Garrett Popcorn
[2025-04-30 22:39:46] [INFO] [app.database.models] Category: snack shop
[2025-04-30 22:39:46] [INFO] [app.database.models] With search_vicinity: Chicago
[2025-04-30 22:39:46] [INFO] [app.database.models] With destination_country: United States
[2025-04-30 22:39:46] [INFO] [app.database.models] Making Google Places API call for: Garrett Popcorn
[2025-04-30 22:39:46] [INFO] [app.services.google_places_service] Searching Google Places API for: Garrett Popcorn
[2025-04-30 22:39:46] [INFO] [app.services.google_places_service] Category: snack shop
[2025-04-30 22:39:46] [INFO] [app.services.google_places_service] Search vicinity: Chicago
[2025-04-30 22:39:46] [INFO] [app.services.google_places_service] Destination country: United States
[2025-04-30 22:39:46] [INFO] [app.services.google_places_service] Making FindPlace API request for: Garrett Popcorn
[2025-04-30 22:39:46] [INFO] [app.services.google_places_service] FindPlace API response status: OK
[2025-04-30 22:39:46] [INFO] [app.services.google_places_service] Found place_id for Garrett Popcorn: ChIJr5U-hawsDogRaOjAuQEKoRY
[2025-04-30 22:39:46] [INFO] [app.services.google_places_service] Making PlaceDetails API request for place_id: ChIJr5U-hawsDogRaOjAuQEKoRY
[2025-04-30 22:39:47] [INFO] [app.services.google_places_service] PlaceDetails API response status: OK
[2025-04-30 22:39:47] [INFO] [app.services.google_places_service] Successfully retrieved details for place: Garrett Popcorn Shops
[2025-04-30 22:39:47] [INFO] [app.database.models] Google Places API returned data for place: Garrett Popcorn Shops
[2025-04-30 22:39:47] [INFO] [app.database.models] Found place_id from Google: ChIJr5U-hawsDogRaOjAuQEKoRY
[2025-04-30 22:39:47] [INFO] [app.database.models] Creating new activity for: Garrett Popcorn
[2025-04-30 22:39:47] [INFO] [app.database.models] Adding Google Places data to new activity
[2025-04-30 22:39:47] [INFO] [app.database.models] Found city from Google: Chicago
[2025-04-30 22:39:47] [INFO] [app.database.models] Found country from Google: United States
[2025-04-30 22:39:47] [INFO] [app.database.models] Created new activity: Garrett Popcorn (ID: 55)
[2025-04-30 22:39:47] [INFO] [app.database.models] Activity.get_or_create called for: Cindies Rooftop Bar
[2025-04-30 22:39:47] [INFO] [app.database.models] Category: rooftop bar
[2025-04-30 22:39:47] [INFO] [app.database.models] With search_vicinity: Chicago
[2025-04-30 22:39:47] [INFO] [app.database.models] With destination_country: United States
[2025-04-30 22:39:47] [INFO] [app.database.models] Making Google Places API call for: Cindies Rooftop Bar
[2025-04-30 22:39:47] [INFO] [app.services.google_places_service] Searching Google Places API for: Cindies Rooftop Bar
[2025-04-30 22:39:47] [INFO] [app.services.google_places_service] Category: rooftop bar
[2025-04-30 22:39:47] [INFO] [app.services.google_places_service] Search vicinity: Chicago
[2025-04-30 22:39:47] [INFO] [app.services.google_places_service] Destination country: United States
[2025-04-30 22:39:47] [INFO] [app.services.google_places_service] Making FindPlace API request for: Cindies Rooftop Bar
[2025-04-30 22:39:47] [INFO] [app.services.google_places_service] FindPlace API response status: OK
[2025-04-30 22:39:47] [INFO] [app.services.google_places_service] Found place_id for Cindies Rooftop Bar: ChIJeYbaOKQsDogRfJrgIMgDNvE
[2025-04-30 22:39:47] [INFO] [app.services.google_places_service] Making PlaceDetails API request for place_id: ChIJeYbaOKQsDogRfJrgIMgDNvE
[2025-04-30 22:39:47] [INFO] [app.services.google_places_service] PlaceDetails API response status: OK
[2025-04-30 22:39:47] [INFO] [app.services.google_places_service] Successfully retrieved details for place: Cindy's Rooftop
[2025-04-30 22:39:47] [INFO] [app.database.models] Google Places API returned data for place: Cindy's Rooftop
[2025-04-30 22:39:47] [INFO] [app.database.models] Found place_id from Google: ChIJeYbaOKQsDogRfJrgIMgDNvE
[2025-04-30 22:39:47] [INFO] [app.database.models] Creating new activity for: Cindies Rooftop Bar
[2025-04-30 22:39:47] [INFO] [app.database.models] Adding Google Places data to new activity
[2025-04-30 22:39:47] [INFO] [app.database.models] Found city from Google: Chicago
[2025-04-30 22:39:47] [INFO] [app.database.models] Found country from Google: United States
[2025-04-30 22:39:47] [INFO] [app.database.models] Created new activity: Cindies Rooftop Bar (ID: 56)
[2025-04-30 22:39:47] [INFO] [app.database.models] Activity.get_or_create called for: The Bean
[2025-04-30 22:39:47] [INFO] [app.database.models] Category: sculpture
[2025-04-30 22:39:47] [INFO] [app.database.models] With search_vicinity: Chicago
[2025-04-30 22:39:47] [INFO] [app.database.models] With destination_country: United States
[2025-04-30 22:39:47] [INFO] [app.database.models] Making Google Places API call for: The Bean
[2025-04-30 22:39:47] [INFO] [app.services.google_places_service] Searching Google Places API for: The Bean
[2025-04-30 22:39:47] [INFO] [app.services.google_places_service] Category: sculpture
[2025-04-30 22:39:47] [INFO] [app.services.google_places_service] Search vicinity: Chicago
[2025-04-30 22:39:47] [INFO] [app.services.google_places_service] Destination country: United States
[2025-04-30 22:39:47] [INFO] [app.services.google_places_service] Making FindPlace API request for: The Bean
[2025-04-30 22:39:48] [INFO] [app.services.google_places_service] FindPlace API response status: OK
[2025-04-30 22:39:48] [INFO] [app.services.google_places_service] Found place_id for The Bean: ChIJDw-WPADTD4gRadb1yIoA3D4
[2025-04-30 22:39:48] [INFO] [app.services.google_places_service] Making PlaceDetails API request for place_id: ChIJDw-WPADTD4gRadb1yIoA3D4
[2025-04-30 22:39:48] [INFO] [app.services.google_places_service] PlaceDetails API response status: OK
[2025-04-30 22:39:48] [INFO] [app.services.google_places_service] Successfully retrieved details for place: The Bean Cafe
[2025-04-30 22:39:48] [INFO] [app.database.models] Google Places API returned data for place: The Bean Cafe
[2025-04-30 22:39:48] [INFO] [app.database.models] Found place_id from Google: ChIJDw-WPADTD4gRadb1yIoA3D4
[2025-04-30 22:39:48] [INFO] [app.database.models] Creating new activity for: The Bean
[2025-04-30 22:39:48] [INFO] [app.database.models] Adding Google Places data to new activity
[2025-04-30 22:39:48] [INFO] [app.database.models] Found city from Google: Chicago
[2025-04-30 22:39:48] [INFO] [app.database.models] Found country from Google: United States
[2025-04-30 22:39:48] [INFO] [app.database.models] Created new activity: The Bean (ID: 57)
